{"/home/travis/build/npmtest/node-npmtest-node-hue-api/test.js":{"path":"/home/travis/build/npmtest/node-npmtest-node-hue-api/test.js","s":{"1":2,"2":2,"3":2,"4":2,"5":2,"6":2,"7":2,"8":1,"9":2,"10":2,"11":1,"12":1,"13":1,"14":1,"15":2,"16":2,"17":2,"18":2,"19":1,"20":1,"21":2,"22":2,"23":2,"24":1,"25":1,"26":1,"27":1,"28":1,"29":1,"30":1,"31":1,"32":1,"33":1,"34":1,"35":1,"36":1,"37":1,"38":1,"39":2,"40":2,"41":1,"42":2,"43":2,"44":1,"45":2,"46":2,"47":1,"48":2,"49":2,"50":1,"51":1,"52":1,"53":1,"54":1},"b":{"1":[2,1,1,1],"2":[1,1,1,1],"3":[1,1],"4":[1,1],"5":[1,1],"6":[1,1],"7":[1,1],"8":[1,1],"9":[1,1],"10":[1,1,1],"11":[1,1],"12":[1,1],"13":[1,1],"14":[1,1],"15":[1,1],"16":[1,1],"17":[1,1]},"f":{"1":2,"2":2,"3":2,"4":2,"5":2,"6":1,"7":1,"8":1,"9":2,"10":2,"11":2,"12":2,"13":1},"fnMap":{"1":{"name":"(anonymous_1)","line":12,"loc":{"start":{"line":12,"column":1},"end":{"line":12,"column":13}}},"2":{"name":"(anonymous_2)","line":19,"loc":{"start":{"line":19,"column":5},"end":{"line":19,"column":17}}},"3":{"name":"(anonymous_3)","line":23,"loc":{"start":{"line":23,"column":24},"end":{"line":23,"column":36}}},"4":{"name":"(anonymous_4)","line":61,"loc":{"start":{"line":61,"column":5},"end":{"line":61,"column":17}}},"5":{"name":"(anonymous_5)","line":82,"loc":{"start":{"line":82,"column":5},"end":{"line":82,"column":17}}},"6":{"name":"(anonymous_6)","line":91,"loc":{"start":{"line":91,"column":77},"end":{"line":94,"column":10}}},"7":{"name":"(anonymous_7)","line":112,"loc":{"start":{"line":112,"column":83},"end":{"line":115,"column":10}},"skip":true},"8":{"name":"(anonymous_8)","line":123,"loc":{"start":{"line":123,"column":77},"end":{"line":126,"column":10}},"skip":true},"9":{"name":"(anonymous_9)","line":139,"loc":{"start":{"line":139,"column":12},"end":{"line":139,"column":40}},"skip":true},"10":{"name":"(anonymous_10)","line":147,"loc":{"start":{"line":147,"column":77},"end":{"line":150,"column":10}},"skip":true},"11":{"name":"(anonymous_11)","line":158,"loc":{"start":{"line":158,"column":83},"end":{"line":161,"column":10}},"skip":true},"12":{"name":"(anonymous_12)","line":169,"loc":{"start":{"line":169,"column":79},"end":{"line":172,"column":10}},"skip":true},"13":{"name":"(anonymous_13)","line":180,"loc":{"start":{"line":180,"column":75},"end":{"line":183,"column":10}},"skip":true}},"statementMap":{"1":{"start":{"line":12,"column":0},"end":{"line":195,"column":5}},"2":{"start":{"line":14,"column":4},"end":{"line":14,"column":14}},"3":{"start":{"line":19,"column":4},"end":{"line":56,"column":9}},"4":{"start":{"line":21,"column":8},"end":{"line":21,"column":19}},"5":{"start":{"line":23,"column":8},"end":{"line":35,"column":13}},"6":{"start":{"line":24,"column":12},"end":{"line":34,"column":13}},"7":{"start":{"line":25,"column":16},"end":{"line":28,"column":30}},"8":{"start":{"line":30,"column":16},"end":{"line":33,"column":27}},"9":{"start":{"line":37,"column":8},"end":{"line":39,"column":21}},"10":{"start":{"line":40,"column":8},"end":{"line":53,"column":9}},"11":{"start":{"line":43,"column":12},"end":{"line":46,"column":14}},"12":{"start":{"line":47,"column":12},"end":{"line":47,"column":18}},"13":{"start":{"line":50,"column":12},"end":{"line":51,"column":46}},"14":{"start":{"line":52,"column":12},"end":{"line":52,"column":18}},"15":{"start":{"line":55,"column":8},"end":{"line":55,"column":35}},"16":{"start":{"line":61,"column":4},"end":{"line":63,"column":9}},"17":{"start":{"line":62,"column":8},"end":{"line":62,"column":15}},"18":{"start":{"line":64,"column":4},"end":{"line":77,"column":5}},"19":{"start":{"line":70,"column":8},"end":{"line":70,"column":14}},"20":{"start":{"line":76,"column":8},"end":{"line":76,"column":14}},"21":{"start":{"line":82,"column":4},"end":{"line":84,"column":9}},"22":{"start":{"line":83,"column":8},"end":{"line":83,"column":15}},"23":{"start":{"line":85,"column":4},"end":{"line":194,"column":5}},"24":{"start":{"line":91,"column":8},"end":{"line":99,"column":10}},"25":{"start":{"line":98,"column":12},"end":{"line":98,"column":35}},"26":{"start":{"line":102,"column":8},"end":{"line":104,"column":63}},"27":{"start":{"line":105,"column":8},"end":{"line":105,"column":14}},"28":{"start":{"line":112,"column":8},"end":{"line":121,"column":10},"skip":true},"29":{"start":{"line":119,"column":12},"end":{"line":119,"column":55},"skip":true},"30":{"start":{"line":120,"column":12},"end":{"line":120,"column":48},"skip":true},"31":{"start":{"line":123,"column":8},"end":{"line":136,"column":10},"skip":true},"32":{"start":{"line":130,"column":12},"end":{"line":130,"column":76},"skip":true},"33":{"start":{"line":131,"column":12},"end":{"line":131,"column":73},"skip":true},"34":{"start":{"line":132,"column":12},"end":{"line":132,"column":74},"skip":true},"35":{"start":{"line":133,"column":12},"end":{"line":133,"column":79},"skip":true},"36":{"start":{"line":134,"column":12},"end":{"line":134,"column":25},"skip":true},"37":{"start":{"line":135,"column":12},"end":{"line":135,"column":45},"skip":true},"38":{"start":{"line":138,"column":8},"end":{"line":145,"column":14},"skip":true},"39":{"start":{"line":143,"column":16},"end":{"line":143,"column":29},"skip":true},"40":{"start":{"line":144,"column":16},"end":{"line":144,"column":55},"skip":true},"41":{"start":{"line":147,"column":8},"end":{"line":156,"column":10},"skip":true},"42":{"start":{"line":154,"column":12},"end":{"line":154,"column":25},"skip":true},"43":{"start":{"line":155,"column":12},"end":{"line":155,"column":45},"skip":true},"44":{"start":{"line":158,"column":8},"end":{"line":167,"column":10},"skip":true},"45":{"start":{"line":165,"column":12},"end":{"line":165,"column":25},"skip":true},"46":{"start":{"line":166,"column":12},"end":{"line":166,"column":48},"skip":true},"47":{"start":{"line":169,"column":8},"end":{"line":178,"column":10},"skip":true},"48":{"start":{"line":176,"column":12},"end":{"line":176,"column":25},"skip":true},"49":{"start":{"line":177,"column":12},"end":{"line":177,"column":46},"skip":true},"50":{"start":{"line":180,"column":8},"end":{"line":189,"column":10},"skip":true},"51":{"start":{"line":187,"column":12},"end":{"line":187,"column":94},"skip":true},"52":{"start":{"line":188,"column":12},"end":{"line":188,"column":48},"skip":true},"53":{"start":{"line":192,"column":8},"end":{"line":192,"column":35},"skip":true},"54":{"start":{"line":193,"column":8},"end":{"line":193,"column":14},"skip":true}},"branchMap":{"1":{"line":25,"type":"binary-expr","locations":[{"start":{"line":25,"column":23},"end":{"line":25,"column":62}},{"start":{"line":26,"column":20},"end":{"line":26,"column":70}},{"start":{"line":27,"column":20},"end":{"line":27,"column":71}},{"start":{"line":28,"column":20},"end":{"line":28,"column":29}}]},"2":{"line":30,"type":"binary-expr","locations":[{"start":{"line":30,"column":23},"end":{"line":30,"column":37}},{"start":{"line":31,"column":20},"end":{"line":31,"column":61}},{"start":{"line":32,"column":20},"end":{"line":32,"column":70}},{"start":{"line":33,"column":20},"end":{"line":33,"column":26}}]},"3":{"line":37,"type":"cond-expr","locations":[{"start":{"line":38,"column":14},"end":{"line":38,"column":20}},{"start":{"line":39,"column":14},"end":{"line":39,"column":20}}]},"4":{"line":40,"type":"switch","locations":[{"start":{"line":42,"column":8},"end":{"line":47,"column":18}},{"start":{"line":49,"column":8},"end":{"line":52,"column":18}}]},"5":{"line":44,"type":"binary-expr","locations":[{"start":{"line":44,"column":16},"end":{"line":44,"column":44}},{"start":{"line":44,"column":48},"end":{"line":44,"column":66}}]},"6":{"line":50,"type":"binary-expr","locations":[{"start":{"line":50,"column":21},"end":{"line":50,"column":49}},{"start":{"line":50,"column":53},"end":{"line":50,"column":72}}]},"7":{"line":64,"type":"switch","locations":[{"start":{"line":69,"column":4},"end":{"line":70,"column":14}},{"start":{"line":75,"column":4},"end":{"line":76,"column":14}}]},"8":{"line":85,"type":"switch","locations":[{"start":{"line":90,"column":4},"end":{"line":105,"column":14}},{"start":{"line":111,"column":4},"end":{"line":193,"column":14},"skip":true}]},"9":{"line":91,"type":"binary-expr","locations":[{"start":{"line":91,"column":42},"end":{"line":91,"column":73}},{"start":{"line":91,"column":77},"end":{"line":99,"column":9}}]},"10":{"line":102,"type":"binary-expr","locations":[{"start":{"line":102,"column":18},"end":{"line":102,"column":32}},{"start":{"line":103,"column":12},"end":{"line":103,"column":53}},{"start":{"line":104,"column":12},"end":{"line":104,"column":61}}]},"11":{"line":112,"type":"binary-expr","locations":[{"start":{"line":112,"column":45},"end":{"line":112,"column":79},"skip":true},{"start":{"line":112,"column":83},"end":{"line":121,"column":9},"skip":true}]},"12":{"line":123,"type":"binary-expr","locations":[{"start":{"line":123,"column":42},"end":{"line":123,"column":73},"skip":true},{"start":{"line":123,"column":77},"end":{"line":136,"column":9},"skip":true}]},"13":{"line":138,"type":"binary-expr","locations":[{"start":{"line":138,"column":48},"end":{"line":138,"column":85},"skip":true},{"start":{"line":139,"column":12},"end":{"line":145,"column":13},"skip":true}]},"14":{"line":147,"type":"binary-expr","locations":[{"start":{"line":147,"column":42},"end":{"line":147,"column":73},"skip":true},{"start":{"line":147,"column":77},"end":{"line":156,"column":9},"skip":true}]},"15":{"line":158,"type":"binary-expr","locations":[{"start":{"line":158,"column":45},"end":{"line":158,"column":79},"skip":true},{"start":{"line":158,"column":83},"end":{"line":167,"column":9},"skip":true}]},"16":{"line":169,"type":"binary-expr","locations":[{"start":{"line":169,"column":43},"end":{"line":169,"column":75},"skip":true},{"start":{"line":169,"column":79},"end":{"line":178,"column":9},"skip":true}]},"17":{"line":180,"type":"binary-expr","locations":[{"start":{"line":180,"column":41},"end":{"line":180,"column":71},"skip":true},{"start":{"line":180,"column":75},"end":{"line":189,"column":9},"skip":true}]}},"code":["/* istanbul instrument in package npmtest_node_hue_api */","/*jslint","    bitwise: true,","    browser: true,","    maxerr: 8,","    maxlen: 96,","    node: true,","    nomen: true,","    regexp: true,","    stupid: true","*/","(function () {","    'use strict';","    var local;","","","","    // run shared js-env code - pre-init","    (function () {","        // init local","        local = {};","        // init modeJs","        local.modeJs = (function () {","            try {","                return typeof navigator.userAgent === 'string' &&","                    typeof document.querySelector('body') === 'object' &&","                    typeof XMLHttpRequest.prototype.open === 'function' &&","                    'browser';","            } catch (errorCaughtBrowser) {","                return module.exports &&","                    typeof process.versions.node === 'string' &&","                    typeof require('http').createServer === 'function' &&","                    'node';","            }","        }());","        // init global","        local.global = local.modeJs === 'browser'","            ? window","            : global;","        switch (local.modeJs) {","        // re-init local from window.local","        case 'browser':","            local = local.global.utility2.objectSetDefault(","                local.global.utility2_rollup || local.global.local,","                local.global.utility2","            );","            break;","        // re-init local from example.js","        case 'node':","            local = (local.global.utility2_rollup || require('utility2'))","                .requireExampleJsFromReadme();","            break;","        }","        // export local","        local.global.local = local;","    }());","","","","    // run shared js-env code - function","    (function () {","        return;","    }());","    switch (local.modeJs) {","","","","    // run browser js-env code - function","    case 'browser':","        break;","","","","    // run node js-env code - function","    case 'node':","        break;","    }","","","","    // run shared js-env code - post-init","    (function () {","        return;","    }());","    switch (local.modeJs) {","","","","    // run browser js-env code - post-init","    case 'browser':","        local.testCase_browser_nullCase = local.testCase_browser_nullCase || function (","            options,","            onError","        ) {","        /*","         * this function will test browsers's null-case handling-behavior-behavior","         */","            onError(null, options);","        };","","        // run tests","        local.nop(local.modeTest &&","            document.querySelector('#testRunButton1') &&","            document.querySelector('#testRunButton1').click());","        break;","","","","    // run node js-env code - post-init","    /* istanbul ignore next */","    case 'node':","        local.testCase_buildApidoc_default = local.testCase_buildApidoc_default || function (","            options,","            onError","        ) {","        /*","         * this function will test buildApidoc's default handling-behavior-behavior","         */","            options = { modulePathList: module.paths };","            local.buildApidoc(options, onError);","        };","","        local.testCase_buildApp_default = local.testCase_buildApp_default || function (","            options,","            onError","        ) {","        /*","         * this function will test buildApp's default handling-behavior-behavior","         */","            local.testCase_buildReadme_default(options, local.onErrorThrow);","            local.testCase_buildLib_default(options, local.onErrorThrow);","            local.testCase_buildTest_default(options, local.onErrorThrow);","            local.testCase_buildCustomOrg_default(options, local.onErrorThrow);","            options = [];","            local.buildApp(options, onError);","        };","","        local.testCase_buildCustomOrg_default = local.testCase_buildCustomOrg_default ||","            function (options, onError) {","            /*","             * this function will test buildCustomOrg's default handling-behavior","             */","                options = {};","                local.buildCustomOrg(options, onError);","            };","","        local.testCase_buildLib_default = local.testCase_buildLib_default || function (","            options,","            onError","        ) {","        /*","         * this function will test buildLib's default handling-behavior","         */","            options = {};","            local.buildLib(options, onError);","        };","","        local.testCase_buildReadme_default = local.testCase_buildReadme_default || function (","            options,","            onError","        ) {","        /*","         * this function will test buildReadme's default handling-behavior-behavior","         */","            options = {};","            local.buildReadme(options, onError);","        };","","        local.testCase_buildTest_default = local.testCase_buildTest_default || function (","            options,","            onError","        ) {","        /*","         * this function will test buildTest's default handling-behavior","         */","            options = {};","            local.buildTest(options, onError);","        };","","        local.testCase_webpage_default = local.testCase_webpage_default || function (","            options,","            onError","        ) {","        /*","         * this function will test webpage's default handling-behavior","         */","            options = { modeCoverageMerge: true, url: local.serverLocalHost + '?modeTest=1' };","            local.browserTest(options, onError);","        };","","        // run test-server","        local.testRunServer(local);","        break;","    }","}());",""],"l":{"12":2,"14":2,"19":2,"21":2,"23":2,"24":2,"25":2,"30":1,"37":2,"40":2,"43":1,"47":1,"50":1,"52":1,"55":2,"61":2,"62":2,"64":2,"70":1,"76":1,"82":2,"83":2,"85":2,"91":1,"98":1,"102":1,"105":1,"112":1,"119":1,"120":1,"123":1,"130":1,"131":1,"132":1,"133":1,"134":1,"135":1,"138":1,"143":2,"144":2,"147":1,"154":2,"155":2,"158":1,"165":2,"166":2,"169":1,"176":2,"177":2,"180":1,"187":1,"188":1,"192":1,"193":1}},"/home/travis/build/npmtest/node-npmtest-node-hue-api/lib.npmtest_node_hue_api.js":{"path":"/home/travis/build/npmtest/node-npmtest-node-hue-api/lib.npmtest_node_hue_api.js","s":{"1":2,"2":2,"3":2,"4":2,"5":2,"6":2,"7":2,"8":1,"9":2,"10":2,"11":2,"12":2,"13":1,"14":1,"15":1,"16":1},"b":{"1":[2,1,1,1],"2":[1,1,1,1],"3":[1,1],"4":[2,2],"5":[1,1]},"f":{"1":2,"2":2,"3":2},"fnMap":{"1":{"name":"(anonymous_1)","line":12,"loc":{"start":{"line":12,"column":1},"end":{"line":12,"column":13}}},"2":{"name":"(anonymous_2)","line":19,"loc":{"start":{"line":19,"column":5},"end":{"line":19,"column":17}}},"3":{"name":"(anonymous_3)","line":23,"loc":{"start":{"line":23,"column":24},"end":{"line":23,"column":36}}}},"statementMap":{"1":{"start":{"line":12,"column":0},"end":{"line":53,"column":5}},"2":{"start":{"line":14,"column":4},"end":{"line":14,"column":14}},"3":{"start":{"line":19,"column":4},"end":{"line":52,"column":9}},"4":{"start":{"line":21,"column":8},"end":{"line":21,"column":19}},"5":{"start":{"line":23,"column":8},"end":{"line":35,"column":13}},"6":{"start":{"line":24,"column":12},"end":{"line":34,"column":13}},"7":{"start":{"line":25,"column":16},"end":{"line":28,"column":30}},"8":{"start":{"line":30,"column":16},"end":{"line":33,"column":27}},"9":{"start":{"line":37,"column":8},"end":{"line":39,"column":21}},"10":{"start":{"line":41,"column":8},"end":{"line":41,"column":54}},"11":{"start":{"line":43,"column":8},"end":{"line":43,"column":57}},"12":{"start":{"line":45,"column":8},"end":{"line":51,"column":9}},"13":{"start":{"line":46,"column":12},"end":{"line":46,"column":63}},"14":{"start":{"line":48,"column":12},"end":{"line":48,"column":35}},"15":{"start":{"line":49,"column":12},"end":{"line":49,"column":49}},"16":{"start":{"line":50,"column":12},"end":{"line":50,"column":43}}},"branchMap":{"1":{"line":25,"type":"binary-expr","locations":[{"start":{"line":25,"column":23},"end":{"line":25,"column":62}},{"start":{"line":26,"column":20},"end":{"line":26,"column":70}},{"start":{"line":27,"column":20},"end":{"line":27,"column":71}},{"start":{"line":28,"column":20},"end":{"line":28,"column":29}}]},"2":{"line":30,"type":"binary-expr","locations":[{"start":{"line":30,"column":23},"end":{"line":30,"column":37}},{"start":{"line":31,"column":20},"end":{"line":31,"column":61}},{"start":{"line":32,"column":20},"end":{"line":32,"column":70}},{"start":{"line":33,"column":20},"end":{"line":33,"column":26}}]},"3":{"line":37,"type":"cond-expr","locations":[{"start":{"line":38,"column":14},"end":{"line":38,"column":20}},{"start":{"line":39,"column":14},"end":{"line":39,"column":20}}]},"4":{"line":41,"type":"binary-expr","locations":[{"start":{"line":41,"column":16},"end":{"line":41,"column":44}},{"start":{"line":41,"column":48},"end":{"line":41,"column":53}}]},"5":{"line":45,"type":"if","locations":[{"start":{"line":45,"column":8},"end":{"line":45,"column":8}},{"start":{"line":45,"column":8},"end":{"line":45,"column":8}}]}},"code":["/* istanbul instrument in package npmtest_node_hue_api */","/*jslint","    bitwise: true,","    browser: true,","    maxerr: 8,","    maxlen: 96,","    node: true,","    nomen: true,","    regexp: true,","    stupid: true","*/","(function () {","    'use strict';","    var local;","","","","    // run shared js-env code - pre-init","    (function () {","        // init local","        local = {};","        // init modeJs","        local.modeJs = (function () {","            try {","                return typeof navigator.userAgent === 'string' &&","                    typeof document.querySelector('body') === 'object' &&","                    typeof XMLHttpRequest.prototype.open === 'function' &&","                    'browser';","            } catch (errorCaughtBrowser) {","                return module.exports &&","                    typeof process.versions.node === 'string' &&","                    typeof require('http').createServer === 'function' &&","                    'node';","            }","        }());","        // init global","        local.global = local.modeJs === 'browser'","            ? window","            : global;","        // init utility2_rollup","        local = local.global.utility2_rollup || local;","        // init lib","        local.local = local.npmtest_node_hue_api = local;","        // init exports","        if (local.modeJs === 'browser') {","            local.global.utility2_npmtest_node_hue_api = local;","        } else {","            module.exports = local;","            module.exports.__dirname = __dirname;","            module.exports.module = module;","        }","    }());","}());",""],"l":{"12":2,"14":2,"19":2,"21":2,"23":2,"24":2,"25":2,"30":1,"37":2,"41":2,"43":2,"45":2,"46":1,"48":1,"49":1,"50":1}},"/home/travis/build/npmtest/node-npmtest-node-hue-api/example.js":{"path":"/home/travis/build/npmtest/node-npmtest-node-hue-api/example.js","s":{"1":2,"2":2,"3":2,"4":2,"5":2,"6":2,"7":2,"8":1,"9":2,"10":2,"11":2,"12":2,"13":1,"14":2,"15":2,"16":2,"17":2,"18":2,"19":0,"20":2,"21":1,"22":1,"23":1,"24":1,"25":1,"26":0,"27":0,"28":1,"29":1,"30":2,"31":0,"32":0,"33":0,"34":1,"35":2,"36":2,"37":3,"38":3,"39":3,"40":3,"41":0,"42":3,"43":3,"44":3,"45":1,"46":3,"47":1,"48":1,"49":1,"50":1,"51":1,"52":1,"53":1,"54":1,"55":1,"56":1,"57":0,"58":1,"59":6,"60":6,"61":1,"62":2,"63":0,"64":2,"65":1,"66":1,"67":0,"68":0,"69":0,"70":0,"71":0,"72":0,"73":0,"74":0,"75":0,"76":0,"77":0,"78":0,"79":0,"80":0,"81":0,"82":0,"83":0},"b":{"1":[2,1,1,1],"2":[1,1,1,1],"3":[1,1],"4":[2,2],"5":[1,1],"6":[1,1],"7":[2,0],"8":[2,1,1,1,1,1],"9":[0,2,0],"10":[1,1],"11":[2,1,1],"12":[1,0],"13":[0,2],"14":[2,0,0,0,0,0,0],"15":[0,3],"16":[3,0],"17":[1,1],"18":[0,1],"19":[1,2,0,2],"20":[1,0],"21":[1,1],"22":[0,0],"23":[0,0],"24":[0,0],"25":[0,0],"26":[0,0],"27":[0,0],"28":[0,0]},"f":{"1":2,"2":2,"3":2,"4":2,"5":2,"6":2,"7":3,"8":3,"9":3,"10":1,"11":6,"12":0},"fnMap":{"1":{"name":"(anonymous_1)","line":26,"loc":{"start":{"line":26,"column":1},"end":{"line":26,"column":13}}},"2":{"name":"(anonymous_2)","line":33,"loc":{"start":{"line":33,"column":5},"end":{"line":33,"column":17}}},"3":{"name":"(anonymous_3)","line":37,"loc":{"start":{"line":37,"column":24},"end":{"line":37,"column":36}}},"4":{"name":"(anonymous_4)","line":69,"loc":{"start":{"line":69,"column":31},"end":{"line":69,"column":48}},"skip":true},"5":{"name":"(anonymous_5)","line":78,"loc":{"start":{"line":78,"column":26},"end":{"line":78,"column":45}},"skip":true},"6":{"name":"(anonymous_6)","line":123,"loc":{"start":{"line":123,"column":33},"end":{"line":123,"column":48}},"skip":true},"7":{"name":"(anonymous_7)","line":125,"loc":{"start":{"line":125,"column":27},"end":{"line":125,"column":39}},"skip":true},"8":{"name":"(anonymous_8)","line":133,"loc":{"start":{"line":133,"column":59},"end":{"line":133,"column":74}},"skip":true},"9":{"name":"(anonymous_9)","line":143,"loc":{"start":{"line":143,"column":45},"end":{"line":143,"column":62}},"skip":true},"10":{"name":"(anonymous_10)","line":144,"loc":{"start":{"line":144,"column":73},"end":{"line":144,"column":92}},"skip":true},"11":{"name":"(anonymous_11)","line":272,"loc":{"start":{"line":272,"column":51},"end":{"line":272,"column":77}},"skip":true},"12":{"name":"(anonymous_12)","line":315,"loc":{"start":{"line":315,"column":32},"end":{"line":315,"column":61}},"skip":true}},"statementMap":{"1":{"start":{"line":26,"column":0},"end":{"line":326,"column":5}},"2":{"start":{"line":28,"column":4},"end":{"line":28,"column":14}},"3":{"start":{"line":33,"column":4},"end":{"line":60,"column":9}},"4":{"start":{"line":35,"column":8},"end":{"line":35,"column":19}},"5":{"start":{"line":37,"column":8},"end":{"line":49,"column":13}},"6":{"start":{"line":38,"column":12},"end":{"line":48,"column":13}},"7":{"start":{"line":39,"column":16},"end":{"line":42,"column":30}},"8":{"start":{"line":44,"column":16},"end":{"line":47,"column":27}},"9":{"start":{"line":51,"column":8},"end":{"line":53,"column":21}},"10":{"start":{"line":55,"column":8},"end":{"line":57,"column":45}},"11":{"start":{"line":59,"column":8},"end":{"line":59,"column":35}},"12":{"start":{"line":61,"column":4},"end":{"line":325,"column":5}},"13":{"start":{"line":69,"column":8},"end":{"line":121,"column":10},"skip":true},"14":{"start":{"line":70,"column":12},"end":{"line":88,"column":13},"skip":true},"15":{"start":{"line":76,"column":16},"end":{"line":87,"column":19},"skip":true},"16":{"start":{"line":79,"column":20},"end":{"line":86,"column":21},"skip":true},"17":{"start":{"line":82,"column":24},"end":{"line":82,"column":43},"skip":true},"18":{"start":{"line":83,"column":24},"end":{"line":83,"column":30},"skip":true},"19":{"start":{"line":85,"column":24},"end":{"line":85,"column":49},"skip":true},"20":{"start":{"line":89,"column":12},"end":{"line":107,"column":13},"skip":true},"21":{"start":{"line":92,"column":16},"end":{"line":102,"column":17},"skip":true},"22":{"start":{"line":93,"column":20},"end":{"line":93,"column":86},"skip":true},"23":{"start":{"line":94,"column":20},"end":{"line":95,"column":45},"skip":true},"24":{"start":{"line":96,"column":20},"end":{"line":96,"column":42},"skip":true},"25":{"start":{"line":97,"column":20},"end":{"line":97,"column":48},"skip":true},"26":{"start":{"line":100,"column":20},"end":{"line":100,"column":85},"skip":true},"27":{"start":{"line":101,"column":20},"end":{"line":101,"column":96},"skip":true},"28":{"start":{"line":103,"column":16},"end":{"line":103,"column":22},"skip":true},"29":{"start":{"line":106,"column":16},"end":{"line":106,"column":22},"skip":true},"30":{"start":{"line":108,"column":12},"end":{"line":120,"column":13},"skip":true},"31":{"start":{"line":114,"column":16},"end":{"line":119,"column":17},"skip":true},"32":{"start":{"line":116,"column":20},"end":{"line":116,"column":78},"skip":true},"33":{"start":{"line":118,"column":20},"end":{"line":118,"column":47},"skip":true},"34":{"start":{"line":123,"column":8},"end":{"line":141,"column":11},"skip":true},"35":{"start":{"line":124,"column":12},"end":{"line":124,"column":54},"skip":true},"36":{"start":{"line":125,"column":12},"end":{"line":140,"column":14},"skip":true},"37":{"start":{"line":126,"column":16},"end":{"line":126,"column":28},"skip":true},"38":{"start":{"line":127,"column":16},"end":{"line":127,"column":69},"skip":true},"39":{"start":{"line":128,"column":16},"end":{"line":128,"column":75},"skip":true},"40":{"start":{"line":129,"column":16},"end":{"line":131,"column":17},"skip":true},"41":{"start":{"line":130,"column":20},"end":{"line":130,"column":27},"skip":true},"42":{"start":{"line":133,"column":16},"end":{"line":137,"column":36},"skip":true},"43":{"start":{"line":134,"column":20},"end":{"line":136,"column":55},"skip":true},"44":{"start":{"line":139,"column":16},"end":{"line":139,"column":57},"skip":true},"45":{"start":{"line":143,"column":8},"end":{"line":147,"column":11},"skip":true},"46":{"start":{"line":144,"column":12},"end":{"line":146,"column":15},"skip":true},"47":{"start":{"line":145,"column":16},"end":{"line":145,"column":70},"skip":true},"48":{"start":{"line":149,"column":8},"end":{"line":149,"column":31},"skip":true},"49":{"start":{"line":150,"column":8},"end":{"line":150,"column":14},"skip":true},"50":{"start":{"line":158,"column":8},"end":{"line":158,"column":31},"skip":true},"51":{"start":{"line":160,"column":8},"end":{"line":160,"column":33},"skip":true},"52":{"start":{"line":161,"column":8},"end":{"line":161,"column":37},"skip":true},"53":{"start":{"line":162,"column":8},"end":{"line":162,"column":35},"skip":true},"54":{"start":{"line":164,"column":8},"end":{"line":164,"column":50},"skip":true},"55":{"start":{"line":166,"column":8},"end":{"line":256,"column":2},"skip":true},"56":{"start":{"line":258,"column":8},"end":{"line":286,"column":9},"skip":true},"57":{"start":{"line":259,"column":12},"end":{"line":269,"column":14},"skip":true},"58":{"start":{"line":271,"column":12},"end":{"line":285,"column":19},"skip":true},"59":{"start":{"line":274,"column":20},"end":{"line":274,"column":35},"skip":true},"60":{"start":{"line":275,"column":20},"end":{"line":284,"column":21},"skip":true},"61":{"start":{"line":277,"column":24},"end":{"line":277,"column":64},"skip":true},"62":{"start":{"line":279,"column":24},"end":{"line":279,"column":40},"skip":true},"63":{"start":{"line":281,"column":24},"end":{"line":281,"column":40},"skip":true},"64":{"start":{"line":283,"column":24},"end":{"line":283,"column":39},"skip":true},"65":{"start":{"line":288,"column":8},"end":{"line":290,"column":9},"skip":true},"66":{"start":{"line":289,"column":12},"end":{"line":289,"column":18},"skip":true},"67":{"start":{"line":291,"column":8},"end":{"line":293,"column":54},"skip":true},"68":{"start":{"line":296,"column":8},"end":{"line":301,"column":37},"skip":true},"69":{"start":{"line":303,"column":8},"end":{"line":303,"column":82},"skip":true},"70":{"start":{"line":306,"column":8},"end":{"line":308,"column":9},"skip":true},"71":{"start":{"line":307,"column":12},"end":{"line":307,"column":82},"skip":true},"72":{"start":{"line":310,"column":8},"end":{"line":312,"column":9},"skip":true},"73":{"start":{"line":311,"column":12},"end":{"line":311,"column":18},"skip":true},"74":{"start":{"line":313,"column":8},"end":{"line":313,"column":54},"skip":true},"75":{"start":{"line":314,"column":8},"end":{"line":314,"column":69},"skip":true},"76":{"start":{"line":315,"column":8},"end":{"line":323,"column":36},"skip":true},"77":{"start":{"line":316,"column":12},"end":{"line":316,"column":61},"skip":true},"78":{"start":{"line":317,"column":12},"end":{"line":320,"column":13},"skip":true},"79":{"start":{"line":318,"column":16},"end":{"line":318,"column":75},"skip":true},"80":{"start":{"line":319,"column":16},"end":{"line":319,"column":23},"skip":true},"81":{"start":{"line":321,"column":12},"end":{"line":321,"column":38},"skip":true},"82":{"start":{"line":322,"column":12},"end":{"line":322,"column":27},"skip":true},"83":{"start":{"line":324,"column":8},"end":{"line":324,"column":14},"skip":true}},"branchMap":{"1":{"line":39,"type":"binary-expr","locations":[{"start":{"line":39,"column":23},"end":{"line":39,"column":62}},{"start":{"line":40,"column":20},"end":{"line":40,"column":70}},{"start":{"line":41,"column":20},"end":{"line":41,"column":71}},{"start":{"line":42,"column":20},"end":{"line":42,"column":29}}]},"2":{"line":44,"type":"binary-expr","locations":[{"start":{"line":44,"column":23},"end":{"line":44,"column":37}},{"start":{"line":45,"column":20},"end":{"line":45,"column":61}},{"start":{"line":46,"column":20},"end":{"line":46,"column":70}},{"start":{"line":47,"column":20},"end":{"line":47,"column":26}}]},"3":{"line":51,"type":"cond-expr","locations":[{"start":{"line":52,"column":14},"end":{"line":52,"column":20}},{"start":{"line":53,"column":14},"end":{"line":53,"column":20}}]},"4":{"line":55,"type":"binary-expr","locations":[{"start":{"line":55,"column":16},"end":{"line":55,"column":44}},{"start":{"line":55,"column":49},"end":{"line":57,"column":43}}]},"5":{"line":55,"type":"cond-expr","locations":[{"start":{"line":56,"column":14},"end":{"line":56,"column":56}},{"start":{"line":57,"column":14},"end":{"line":57,"column":43}}]},"6":{"line":61,"type":"switch","locations":[{"start":{"line":68,"column":4},"end":{"line":150,"column":14},"skip":true},{"start":{"line":156,"column":4},"end":{"line":324,"column":14},"skip":true}]},"7":{"line":70,"type":"if","locations":[{"start":{"line":70,"column":12},"end":{"line":70,"column":12},"skip":true},{"start":{"line":70,"column":12},"end":{"line":70,"column":12},"skip":true}]},"8":{"line":70,"type":"binary-expr","locations":[{"start":{"line":70,"column":16},"end":{"line":70,"column":22},"skip":true},{"start":{"line":70,"column":27},"end":{"line":70,"column":32},"skip":true},{"start":{"line":71,"column":20},"end":{"line":71,"column":39},"skip":true},{"start":{"line":72,"column":20},"end":{"line":72,"column":49},"skip":true},{"start":{"line":73,"column":20},"end":{"line":73,"column":58},"skip":true},{"start":{"line":74,"column":20},"end":{"line":74,"column":69},"skip":true}]},"9":{"line":79,"type":"switch","locations":[{"start":{"line":80,"column":20},"end":{"line":80,"column":33},"skip":true},{"start":{"line":81,"column":20},"end":{"line":83,"column":30},"skip":true},{"start":{"line":84,"column":20},"end":{"line":85,"column":49},"skip":true}]},"10":{"line":89,"type":"switch","locations":[{"start":{"line":90,"column":12},"end":{"line":103,"column":22},"skip":true},{"start":{"line":105,"column":12},"end":{"line":106,"column":22},"skip":true}]},"11":{"line":89,"type":"binary-expr","locations":[{"start":{"line":89,"column":20},"end":{"line":89,"column":25},"skip":true},{"start":{"line":89,"column":29},"end":{"line":89,"column":48},"skip":true},{"start":{"line":89,"column":52},"end":{"line":89,"column":74},"skip":true}]},"12":{"line":92,"type":"if","locations":[{"start":{"line":92,"column":16},"end":{"line":92,"column":16},"skip":true},{"start":{"line":92,"column":16},"end":{"line":92,"column":16},"skip":true}]},"13":{"line":108,"type":"if","locations":[{"start":{"line":108,"column":12},"end":{"line":108,"column":12},"skip":true},{"start":{"line":108,"column":12},"end":{"line":108,"column":12},"skip":true}]},"14":{"line":108,"type":"binary-expr","locations":[{"start":{"line":108,"column":16},"end":{"line":108,"column":61},"skip":true},{"start":{"line":108,"column":66},"end":{"line":108,"column":72},"skip":true},{"start":{"line":108,"column":77},"end":{"line":108,"column":82},"skip":true},{"start":{"line":109,"column":20},"end":{"line":109,"column":39},"skip":true},{"start":{"line":110,"column":20},"end":{"line":110,"column":49},"skip":true},{"start":{"line":111,"column":20},"end":{"line":111,"column":58},"skip":true},{"start":{"line":112,"column":20},"end":{"line":112,"column":68},"skip":true}]},"15":{"line":129,"type":"if","locations":[{"start":{"line":129,"column":16},"end":{"line":129,"column":16},"skip":true},{"start":{"line":129,"column":16},"end":{"line":129,"column":16},"skip":true}]},"16":{"line":134,"type":"cond-expr","locations":[{"start":{"line":135,"column":26},"end":{"line":135,"column":29},"skip":true},{"start":{"line":136,"column":26},"end":{"line":136,"column":54},"skip":true}]},"17":{"line":164,"type":"binary-expr","locations":[{"start":{"line":164,"column":27},"end":{"line":164,"column":43},"skip":true},{"start":{"line":164,"column":47},"end":{"line":164,"column":49},"skip":true}]},"18":{"line":258,"type":"if","locations":[{"start":{"line":258,"column":8},"end":{"line":258,"column":8},"skip":true},{"start":{"line":258,"column":8},"end":{"line":258,"column":8},"skip":true}]},"19":{"line":275,"type":"switch","locations":[{"start":{"line":276,"column":20},"end":{"line":277,"column":64},"skip":true},{"start":{"line":278,"column":20},"end":{"line":279,"column":40},"skip":true},{"start":{"line":280,"column":20},"end":{"line":281,"column":40},"skip":true},{"start":{"line":282,"column":20},"end":{"line":283,"column":39},"skip":true}]},"20":{"line":288,"type":"if","locations":[{"start":{"line":288,"column":8},"end":{"line":288,"column":8},"skip":true},{"start":{"line":288,"column":8},"end":{"line":288,"column":8},"skip":true}]},"21":{"line":288,"type":"binary-expr","locations":[{"start":{"line":288,"column":12},"end":{"line":288,"column":40},"skip":true},{"start":{"line":288,"column":44},"end":{"line":288,"column":67},"skip":true}]},"22":{"line":292,"type":"binary-expr","locations":[{"start":{"line":292,"column":12},"end":{"line":292,"column":50},"skip":true},{"start":{"line":293,"column":12},"end":{"line":293,"column":53},"skip":true}]},"23":{"line":297,"type":"binary-expr","locations":[{"start":{"line":297,"column":12},"end":{"line":297,"column":70},"skip":true},{"start":{"line":298,"column":12},"end":{"line":301,"column":36},"skip":true}]},"24":{"line":303,"type":"binary-expr","locations":[{"start":{"line":303,"column":43},"end":{"line":303,"column":75},"skip":true},{"start":{"line":303,"column":79},"end":{"line":303,"column":81},"skip":true}]},"25":{"line":306,"type":"if","locations":[{"start":{"line":306,"column":8},"end":{"line":306,"column":8},"skip":true},{"start":{"line":306,"column":8},"end":{"line":306,"column":8},"skip":true}]},"26":{"line":310,"type":"if","locations":[{"start":{"line":310,"column":8},"end":{"line":310,"column":8},"skip":true},{"start":{"line":310,"column":8},"end":{"line":310,"column":8},"skip":true}]},"27":{"line":313,"type":"binary-expr","locations":[{"start":{"line":313,"column":27},"end":{"line":313,"column":43},"skip":true},{"start":{"line":313,"column":47},"end":{"line":313,"column":53},"skip":true}]},"28":{"line":317,"type":"if","locations":[{"start":{"line":317,"column":12},"end":{"line":317,"column":12},"skip":true},{"start":{"line":317,"column":12},"end":{"line":317,"column":12},"skip":true}]}},"code":["/*","example.js","","quickstart example","","instruction","    1. save this script as example.js","    2. run the shell command:","        $ npm install npmtest-node-hue-api && PORT=8081 node example.js","    3. play with the browser-demo on http://127.0.0.1:8081","*/","","","","/* istanbul instrument in package npmtest_node_hue_api */","/*jslint","    bitwise: true,","    browser: true,","    maxerr: 8,","    maxlen: 96,","    node: true,","    nomen: true,","    regexp: true,","    stupid: true","*/","(function () {","    'use strict';","    var local;","","","","    // run shared js-env code - pre-init","    (function () {","        // init local","        local = {};","        // init modeJs","        local.modeJs = (function () {","            try {","                return typeof navigator.userAgent === 'string' &&","                    typeof document.querySelector('body') === 'object' &&","                    typeof XMLHttpRequest.prototype.open === 'function' &&","                    'browser';","            } catch (errorCaughtBrowser) {","                return module.exports &&","                    typeof process.versions.node === 'string' &&","                    typeof require('http').createServer === 'function' &&","                    'node';","            }","        }());","        // init global","        local.global = local.modeJs === 'browser'","            ? window","            : global;","        // init utility2_rollup","        local = local.global.utility2_rollup || (local.modeJs === 'browser'","            ? local.global.utility2_npmtest_node_hue_api","            : global.utility2_moduleExports);","        // export local","        local.global.local = local;","    }());","    switch (local.modeJs) {","","","","    // post-init","    // run browser js-env code - post-init","    /* istanbul ignore next */","    case 'browser':","        local.testRunBrowser = function (event) {","            if (!event || (event &&","                    event.currentTarget &&","                    event.currentTarget.className &&","                    event.currentTarget.className.includes &&","                    event.currentTarget.className.includes('onreset'))) {","                // reset output","                Array.from(","                    document.querySelectorAll('body > .resettable')","                ).forEach(function (element) {","                    switch (element.tagName) {","                    case 'INPUT':","                    case 'TEXTAREA':","                        element.value = '';","                        break;","                    default:","                        element.textContent = '';","                    }","                });","            }","            switch (event && event.currentTarget && event.currentTarget.id) {","            case 'testRunButton1':","                // show tests","                if (document.querySelector('#testReportDiv1').style.display === 'none') {","                    document.querySelector('#testReportDiv1').style.display = 'block';","                    document.querySelector('#testRunButton1').textContent =","                        'hide internal test';","                    local.modeTest = true;","                    local.testRunDefault(local);","                // hide tests","                } else {","                    document.querySelector('#testReportDiv1').style.display = 'none';","                    document.querySelector('#testRunButton1').textContent = 'run internal test';","                }","                break;","            // custom-case","            default:","                break;","            }","            if (document.querySelector('#inputTextareaEval1') && (!event || (event &&","                    event.currentTarget &&","                    event.currentTarget.className &&","                    event.currentTarget.className.includes &&","                    event.currentTarget.className.includes('oneval')))) {","                // try to eval input-code","                try {","                    /*jslint evil: true*/","                    eval(document.querySelector('#inputTextareaEval1').value);","                } catch (errorCaught) {","                    console.error(errorCaught);","                }","            }","        };","        // log stderr and stdout to #outputTextareaStdout1","        ['error', 'log'].forEach(function (key) {","            console[key + '_original'] = console[key];","            console[key] = function () {","                var element;","                console[key + '_original'].apply(console, arguments);","                element = document.querySelector('#outputTextareaStdout1');","                if (!element) {","                    return;","                }","                // append text to #outputTextareaStdout1","                element.value += Array.from(arguments).map(function (arg) {","                    return typeof arg === 'string'","                        ? arg","                        : JSON.stringify(arg, null, 4);","                }).join(' ') + '\\n';","                // scroll textarea to bottom","                element.scrollTop = element.scrollHeight;","            };","        });","        // init event-handling","        ['change', 'click', 'keyup'].forEach(function (event) {","            Array.from(document.querySelectorAll('.on' + event)).forEach(function (element) {","                element.addEventListener(event, local.testRunBrowser);","            });","        });","        // run tests","        local.testRunBrowser();","        break;","","","","    // run node js-env code - post-init","    /* istanbul ignore next */","    case 'node':","        // export local","        module.exports = local;","        // require modules","        local.fs = require('fs');","        local.http = require('http');","        local.url = require('url');","        // init assets","        local.assetsDict = local.assetsDict || {};","        /* jslint-ignore-begin */","        local.assetsDict['/assets.index.template.html'] = '\\","<!doctype html>\\n\\","<html lang=\"en\">\\n\\","<head>\\n\\","<meta charset=\"UTF-8\">\\n\\","<meta name=\"viewport\" content=\"width=device-width, initial-scale=1\">\\n\\","<title>{{env.npm_package_name}} (v{{env.npm_package_version}})</title>\\n\\","<style>\\n\\","/*csslint\\n\\","    box-sizing: false,\\n\\","    universal-selector: false\\n\\","*/\\n\\","* {\\n\\","    box-sizing: border-box;\\n\\","}\\n\\","body {\\n\\","    background: #dde;\\n\\","    font-family: Arial, Helvetica, sans-serif;\\n\\","    margin: 2rem;\\n\\","}\\n\\","body > * {\\n\\","    margin-bottom: 1rem;\\n\\","}\\n\\",".utility2FooterDiv {\\n\\","    margin-top: 20px;\\n\\","    text-align: center;\\n\\","}\\n\\","</style>\\n\\","<style>\\n\\","/*csslint\\n\\","*/\\n\\","textarea {\\n\\","    font-family: monospace;\\n\\","    height: 10rem;\\n\\","    width: 100%;\\n\\","}\\n\\","textarea[readonly] {\\n\\","    background: #ddd;\\n\\","}\\n\\","</style>\\n\\","</head>\\n\\","<body>\\n\\","<!-- utility2-comment\\n\\","<div id=\"ajaxProgressDiv1\" style=\"background: #d00; height: 2px; left: 0; margin: 0; padding: 0; position: fixed; top: 0; transition: background 0.5s, width 1.5s; width: 25%;\"></div>\\n\\","utility2-comment -->\\n\\","<h1>\\n\\","<!-- utility2-comment\\n\\","    <a\\n\\","        {{#if env.npm_package_homepage}}\\n\\","        href=\"{{env.npm_package_homepage}}\"\\n\\","        {{/if env.npm_package_homepage}}\\n\\","        target=\"_blank\"\\n\\","    >\\n\\","utility2-comment -->\\n\\","        {{env.npm_package_name}} (v{{env.npm_package_version}})\\n\\","<!-- utility2-comment\\n\\","    </a>\\n\\","utility2-comment -->\\n\\","</h1>\\n\\","<h3>{{env.npm_package_description}}</h3>\\n\\","<!-- utility2-comment\\n\\","<h4><a download href=\"assets.app.js\">download standalone app</a></h4>\\n\\","<button class=\"onclick onreset\" id=\"testRunButton1\">run internal test</button><br>\\n\\","<div id=\"testReportDiv1\" style=\"display: none;\"></div>\\n\\","utility2-comment -->\\n\\","\\n\\","\\n\\","\\n\\","<label>stderr and stdout</label>\\n\\","<textarea class=\"resettable\" id=\"outputTextareaStdout1\" readonly></textarea>\\n\\","<!-- utility2-comment\\n\\","{{#if isRollup}}\\n\\","<script src=\"assets.app.js\"></script>\\n\\","{{#unless isRollup}}\\n\\","utility2-comment -->\\n\\","<script src=\"assets.utility2.rollup.js\"></script>\\n\\","<script src=\"jsonp.utility2._stateInit?callback=window.utility2._stateInit\"></script>\\n\\","<script src=\"assets.npmtest_node_hue_api.rollup.js\"></script>\\n\\","<script src=\"assets.example.js\"></script>\\n\\","<script src=\"assets.test.js\"></script>\\n\\","<!-- utility2-comment\\n\\","{{/if isRollup}}\\n\\","utility2-comment -->\\n\\","<div class=\"utility2FooterDiv\">\\n\\","    [ this app was created with\\n\\","    <a href=\"https://github.com/kaizhu256/node-utility2\" target=\"_blank\">utility2</a>\\n\\","    ]\\n\\","</div>\\n\\","</body>\\n\\","</html>\\n\\","';","        /* jslint-ignore-end */","        if (local.templateRender) {","            local.assetsDict['/'] = local.templateRender(","                local.assetsDict['/assets.index.template.html'],","                {","                    env: local.objectSetDefault(local.env, {","                        npm_package_description: 'the greatest app in the world!',","                        npm_package_name: 'my-app',","                        npm_package_nameAlias: 'my_app',","                        npm_package_version: '0.0.1'","                    })","                }","            );","        } else {","            local.assetsDict['/'] = local.assetsDict['/assets.index.template.html']","                .replace((/\\{\\{env\\.(\\w+?)\\}\\}/g), function (match0, match1) {","                    // jslint-hack","                    String(match0);","                    switch (match1) {","                    case 'npm_package_description':","                        return 'the greatest app in the world!';","                    case 'npm_package_name':","                        return 'my-app';","                    case 'npm_package_nameAlias':","                        return 'my_app';","                    case 'npm_package_version':","                        return '0.0.1';","                    }","                });","        }","        // run the cli","        if (local.global.utility2_rollup || module !== require.main) {","            break;","        }","        local.assetsDict['/assets.example.js'] =","            local.assetsDict['/assets.example.js'] ||","            local.fs.readFileSync(__filename, 'utf8');","        // bug-workaround - long $npm_package_buildCustomOrg","        /* jslint-ignore-begin */","        local.assetsDict['/assets.npmtest_node_hue_api.rollup.js'] =","            local.assetsDict['/assets.npmtest_node_hue_api.rollup.js'] ||","            local.fs.readFileSync(","                local.npmtest_node_hue_api.__dirname + '/lib.npmtest_node_hue_api.js',","                'utf8'","            ).replace((/^#!/), '//');","        /* jslint-ignore-end */","        local.assetsDict['/favicon.ico'] = local.assetsDict['/favicon.ico'] || '';","        // if $npm_config_timeout_exit exists,","        // then exit this process after $npm_config_timeout_exit ms","        if (Number(process.env.npm_config_timeout_exit)) {","            setTimeout(process.exit, Number(process.env.npm_config_timeout_exit));","        }","        // start server","        if (local.global.utility2_serverHttp1) {","            break;","        }","        process.env.PORT = process.env.PORT || '8081';","        console.error('server starting on port ' + process.env.PORT);","        local.http.createServer(function (request, response) {","            request.urlParsed = local.url.parse(request.url);","            if (local.assetsDict[request.urlParsed.pathname] !== undefined) {","                response.end(local.assetsDict[request.urlParsed.pathname]);","                return;","            }","            response.statusCode = 404;","            response.end();","        }).listen(process.env.PORT);","        break;","    }","}());",""],"l":{"26":2,"28":2,"33":2,"35":2,"37":2,"38":2,"39":2,"44":1,"51":2,"55":2,"59":2,"61":2,"69":1,"70":2,"76":2,"79":2,"82":2,"83":2,"85":1,"89":2,"92":1,"93":1,"94":1,"96":1,"97":1,"100":1,"101":1,"103":1,"106":1,"108":2,"114":1,"116":1,"118":1,"123":1,"124":2,"125":2,"126":3,"127":3,"128":3,"129":3,"130":1,"133":3,"134":3,"139":3,"143":1,"144":3,"145":1,"149":1,"150":1,"158":1,"160":1,"161":1,"162":1,"164":1,"166":1,"258":1,"259":1,"271":1,"274":6,"275":6,"277":1,"279":2,"281":1,"283":2,"288":1,"289":1,"291":1,"296":1,"303":1,"306":1,"307":1,"310":1,"311":1,"313":1,"314":1,"315":1,"316":1,"317":1,"318":1,"319":1,"321":1,"322":1,"324":1}},"/home/travis/build/npmtest/node-npmtest-node-hue-api/node_modules/node-hue-api/index.js":{"path":"/home/travis/build/npmtest/node-npmtest-node-hue-api/node_modules/node-hue-api/index.js","s":{"1":1,"2":1,"3":2,"4":0,"5":0,"6":0,"7":1,"8":0},"b":{},"f":{"1":2,"2":0,"3":0},"fnMap":{"1":{"name":"deprecated","line":17,"loc":{"start":{"line":17,"column":0},"end":{"line":17,"column":33}}},"2":{"name":"(anonymous_2)","line":18,"loc":{"start":{"line":18,"column":11},"end":{"line":18,"column":23}}},"3":{"name":"(anonymous_3)","line":32,"loc":{"start":{"line":32,"column":13},"end":{"line":32,"column":30}}}},"statementMap":{"1":{"start":{"line":7,"column":0},"end":{"line":14,"column":5}},"2":{"start":{"line":17,"column":0},"end":{"line":23,"column":1}},"3":{"start":{"line":18,"column":4},"end":{"line":22,"column":6}},"4":{"start":{"line":19,"column":8},"end":{"line":19,"column":57}},"5":{"start":{"line":20,"column":8},"end":{"line":20,"column":31}},"6":{"start":{"line":21,"column":8},"end":{"line":21,"column":36}},"7":{"start":{"line":26,"column":0},"end":{"line":53,"column":2}},"8":{"start":{"line":33,"column":8},"end":{"line":33,"column":31}}},"branchMap":{},"code":["\"use strict\";","","//","// This wrapper is to provide some continuity in the modifications of the APIs over time","//","","var bridgeDiscovery = require(\"./hue-api/bridge-discovery\")","    , Hue = require(\"./hue-api\")","    , lightState = require(\"./hue-api/lightstate\")","    , scheduledEvent = require(\"./hue-api/scheduledEvent\")","    , scene = require(\"./hue-api/scene\")","    , timer = require(\"./hue-api/timer\")","    , ApiError = require(\"./hue-api/errors\").ApiError","    ;","","","function deprecated(fn, message) {","    return function () {","        var args = Array.prototype.slice.call(arguments);","        console.error(message);","        return fn.apply(this, args);","    };","}","","","module.exports = {","    HueApi: Hue,","    BridgeApi: Hue,","    api: Hue,","","    //TODO document this, it is currently broken though","    connect: function(config) {","        return new Hue(config);","    },","","    lightState: lightState,","    scheduledEvent: scheduledEvent,","    scene: scene,","    timer: timer,","","    upnpSearch: bridgeDiscovery.networkSearch,","    nupnpSearch: bridgeDiscovery.locateBridges,","","    locateBridges: deprecated(bridgeDiscovery.locateBridges","        , \"'locateBridges' is deprecated, please use 'nupnpSearch' instead\"),","","    searchForBridges: deprecated(","        bridgeDiscovery.networkSearch","        , \"'searchForBridges' is deprecated, please use 'upnpSearch' instead\"","    ),","","    ApiError: ApiError","};"],"l":{"7":1,"17":1,"18":2,"19":0,"20":0,"21":0,"26":1,"33":0}},"/home/travis/build/npmtest/node-npmtest-node-hue-api/node_modules/node-hue-api/hue-api/bridge-discovery.js":{"path":"/home/travis/build/npmtest/node-npmtest-node-hue-api/node_modules/node-hue-api/hue-api/bridge-discovery.js","s":{"1":1,"2":1,"3":0,"4":1,"5":0,"6":0,"7":1,"8":0,"9":1,"10":0,"11":0,"12":0,"13":0,"14":0,"15":1,"16":0,"17":1,"18":0,"19":0,"20":0,"21":0,"22":0,"23":0,"24":0,"25":0,"26":0,"27":0,"28":0,"29":0,"30":0,"31":1,"32":0,"33":0,"34":0,"35":0,"36":0,"37":0,"38":1,"39":0,"40":0,"41":0,"42":0,"43":0},"b":{"1":[0,0],"2":[0,0],"3":[0,0],"4":[0,0,0],"5":[0,0],"6":[0,0,0],"7":[0,0],"8":[0,0]},"f":{"1":0,"2":0,"3":0,"4":0,"5":0,"6":0,"7":0,"8":0,"9":0,"10":0,"11":0},"fnMap":{"1":{"name":"(anonymous_1)","line":19,"loc":{"start":{"line":19,"column":31},"end":{"line":19,"column":50}}},"2":{"name":"(anonymous_2)","line":30,"loc":{"start":{"line":30,"column":31},"end":{"line":30,"column":45}}},"3":{"name":"(anonymous_3)","line":42,"loc":{"start":{"line":42,"column":29},"end":{"line":42,"column":45}}},"4":{"name":"_identifyBridges","line":53,"loc":{"start":{"line":53,"column":0},"end":{"line":53,"column":43}}},"5":{"name":"followLocationResponse","line":73,"loc":{"start":{"line":73,"column":0},"end":{"line":73,"column":38}}},"6":{"name":"(anonymous_6)","line":76,"loc":{"start":{"line":76,"column":14},"end":{"line":76,"column":29}}},"7":{"name":"_parseDescription","line":88,"loc":{"start":{"line":88,"column":0},"end":{"line":88,"column":32}}},"8":{"name":"(anonymous_8)","line":94,"loc":{"start":{"line":94,"column":28},"end":{"line":94,"column":49}}},"9":{"name":"(anonymous_9)","line":124,"loc":{"start":{"line":124,"column":61},"end":{"line":124,"column":77}}},"10":{"name":"_isHueBridge","line":144,"loc":{"start":{"line":144,"column":0},"end":{"line":144,"column":35}}},"11":{"name":"_getHueBridgeHost","line":156,"loc":{"start":{"line":156,"column":0},"end":{"line":156,"column":40}}}},"statementMap":{"1":{"start":{"line":3,"column":0},"end":{"line":9,"column":5}},"2":{"start":{"line":19,"column":0},"end":{"line":21,"column":2}},"3":{"start":{"line":20,"column":4},"end":{"line":20,"column":64}},"4":{"start":{"line":30,"column":0},"end":{"line":33,"column":2}},"5":{"start":{"line":31,"column":4},"end":{"line":31,"column":90}},"6":{"start":{"line":32,"column":4},"end":{"line":32,"column":48}},"7":{"start":{"line":42,"column":0},"end":{"line":45,"column":2}},"8":{"start":{"line":43,"column":4},"end":{"line":44,"column":33}},"9":{"start":{"line":53,"column":0},"end":{"line":66,"column":1}},"10":{"start":{"line":54,"column":4},"end":{"line":57,"column":9}},"11":{"start":{"line":59,"column":4},"end":{"line":64,"column":5}},"12":{"start":{"line":60,"column":8},"end":{"line":63,"column":9}},"13":{"start":{"line":62,"column":12},"end":{"line":62,"column":79}},"14":{"start":{"line":65,"column":4},"end":{"line":65,"column":26}},"15":{"start":{"line":73,"column":0},"end":{"line":80,"column":1}},"16":{"start":{"line":74,"column":4},"end":{"line":79,"column":9}},"17":{"start":{"line":88,"column":0},"end":{"line":142,"column":1}},"18":{"start":{"line":89,"column":4},"end":{"line":92,"column":9}},"19":{"start":{"line":94,"column":4},"end":{"line":139,"column":7}},"20":{"start":{"line":95,"column":8},"end":{"line":97,"column":13}},"21":{"start":{"line":99,"column":8},"end":{"line":138,"column":9}},"22":{"start":{"line":100,"column":12},"end":{"line":100,"column":33}},"23":{"start":{"line":102,"column":12},"end":{"line":117,"column":14}},"24":{"start":{"line":119,"column":12},"end":{"line":135,"column":13}},"25":{"start":{"line":122,"column":16},"end":{"line":122,"column":27}},"26":{"start":{"line":124,"column":16},"end":{"line":132,"column":19}},"27":{"start":{"line":125,"column":20},"end":{"line":131,"column":23}},"28":{"start":{"line":134,"column":16},"end":{"line":134,"column":37}},"29":{"start":{"line":137,"column":12},"end":{"line":137,"column":37}},"30":{"start":{"line":141,"column":4},"end":{"line":141,"column":28}},"31":{"start":{"line":144,"column":0},"end":{"line":154,"column":1}},"32":{"start":{"line":145,"column":4},"end":{"line":145,"column":13}},"33":{"start":{"line":147,"column":4},"end":{"line":152,"column":5}},"34":{"start":{"line":148,"column":8},"end":{"line":148,"column":38}},"35":{"start":{"line":149,"column":8},"end":{"line":151,"column":9}},"36":{"start":{"line":150,"column":12},"end":{"line":150,"column":24}},"37":{"start":{"line":153,"column":4},"end":{"line":153,"column":17}},"38":{"start":{"line":156,"column":0},"end":{"line":167,"column":1}},"39":{"start":{"line":157,"column":4},"end":{"line":157,"column":12}},"40":{"start":{"line":159,"column":4},"end":{"line":165,"column":5}},"41":{"start":{"line":160,"column":8},"end":{"line":160,"column":41}},"42":{"start":{"line":161,"column":8},"end":{"line":164,"column":10}},"43":{"start":{"line":166,"column":4},"end":{"line":166,"column":16}}},"branchMap":{"1":{"line":60,"type":"if","locations":[{"start":{"line":60,"column":8},"end":{"line":60,"column":8}},{"start":{"line":60,"column":8},"end":{"line":60,"column":8}}]},"2":{"line":99,"type":"if","locations":[{"start":{"line":99,"column":8},"end":{"line":99,"column":8}},{"start":{"line":99,"column":8},"end":{"line":99,"column":8}}]},"3":{"line":119,"type":"if","locations":[{"start":{"line":119,"column":12},"end":{"line":119,"column":12}},{"start":{"line":119,"column":12},"end":{"line":119,"column":12}}]},"4":{"line":119,"type":"binary-expr","locations":[{"start":{"line":119,"column":16},"end":{"line":119,"column":44}},{"start":{"line":120,"column":19},"end":{"line":120,"column":50}},{"start":{"line":121,"column":19},"end":{"line":121,"column":55}}]},"5":{"line":147,"type":"if","locations":[{"start":{"line":147,"column":4},"end":{"line":147,"column":4}},{"start":{"line":147,"column":4},"end":{"line":147,"column":4}}]},"6":{"line":147,"type":"binary-expr","locations":[{"start":{"line":147,"column":8},"end":{"line":147,"column":19}},{"start":{"line":147,"column":23},"end":{"line":147,"column":40}},{"start":{"line":147,"column":44},"end":{"line":147,"column":66}}]},"7":{"line":149,"type":"if","locations":[{"start":{"line":149,"column":8},"end":{"line":149,"column":8}},{"start":{"line":149,"column":8},"end":{"line":149,"column":8}}]},"8":{"line":159,"type":"if","locations":[{"start":{"line":159,"column":4},"end":{"line":159,"column":4}},{"start":{"line":159,"column":4},"end":{"line":159,"column":4}}]}},"code":["\"use strict\";","","var url = require(\"url\")","    , Q = require(\"q\")","    , search = require(\"./search\")","    , http = require(\"./httpPromise\")","    , utils = require(\"./utils\")","    , discovery = require(\"./commands/discovery\")","    ;","","/**"," * Will locate the Philips Hue Devices on the network. Depending upon the speed and size of the network the timeout"," * may need to be adjusted to locate the Hue Bridge."," *"," * @param timeout The maximum time to wait for Hue Devices to be located. If not specified will use the default of 5"," * seconds."," * @return A promise that will resolve the Hue Bridges as an Array of {\"id\": {String}, \"ipaddress\": {String}} objects."," */","module.exports.networkSearch = function (timeout) {","    return search.locateBridges(timeout).then(_identifyBridges);","};","","/**"," * Uses the http://www.meethue.com/api/nupnp call to search for any bridges locally on the network. This lookup can be"," * significantly faster than issuing search requests in the {locateBridges} function."," *"," * @param cb An option callback function that will be informed of results."," * @returns {Q.promise} A promise that will resolve the addresses of the bridges, or {null} if a callback was provided."," */","module.exports.locateBridges = function (cb) {","    var promise = http.invoke(discovery.upnpLookup, {host: \"www.meethue.com\", ssl: true});","    return utils.promiseOrCallback(promise, cb);","};","","/**"," * Obtains an object representation of the Description XML."," *"," * @param host The host to get the description XML from."," * @return {*} The object representing some of the values in the description XML."," * @private"," */","module.exports.description = function (host) {","    return http.invoke(discovery.description, {\"host\": host})","        .then(_parseDescription);","};","","/**"," * Identifies the bridges based on the response from possible devices from SSDP search"," * @param possibleBridges The results from the search to be processed."," * @return A promise that will process all the results and return only the valid Hue Bridges."," * @private"," */","function _identifyBridges(possibleBridges) {","    var lookups = []","        , path","        //, uri","        ;","","    for (path in possibleBridges) {","        if (possibleBridges.hasOwnProperty(path)) {","            //uri = parseUri(path);","            lookups.push(followLocationResponse(path).then(_getHueBridgeHost));","        }","    }","    return Q.all(lookups);","}","","/**"," * Performs a GET on the provided path, the location response from the bridge."," * This function expects there to be an XML description document present at the provided path."," * @param path The path in the LOCATION response from SSDP lookup."," */","function followLocationResponse(path) {","    return http.simpleGet(path)","        .then(_parseDescription)","        .fail(function (err) {","            // Do nothing with services that do not respond with an XML document","        })","        ;","}","","/**"," * Parses the XML Description and converts it into an Object."," * @param xml The XML to parse and convert into an object"," * @return {Function|promise|promise|exports.promise}"," * @private"," */","function _parseDescription(xml) {","    var xml2js = require(\"xml2js\")","        , parser = new xml2js.Parser()","        , deferred = Q.defer()","        ;","","    parser.parseString(xml, function (err, data) {","        var result = null","            , icons","            ;","","        if (err) {","            deferred.reject(err);","        } else {","            result = {","                \"version\": {","                    \"major\": data.root.specVersion[0].major[0],","                    \"minor\": data.root.specVersion[0].minor[0]","                },","                \"url\": data.root.URLBase[0],","                \"name\": data.root.device[0].friendlyName[0],","                \"manufacturer\": data.root.device[0].manufacturer[0],","                \"model\": {","                    \"name\": data.root.device[0].modelName[0],","                    \"description\": data.root.device[0].modelDescription[0],","                    \"number\": data.root.device[0].modelNumber[0],","                    \"serial\": data.root.device[0].serialNumber[0],","                    \"udn\": data.root.device[0].UDN[0]","                }","            };","","            if (data.root.device[0].iconList","                && data.root.device[0].iconList[0]","                && data.root.device[0].iconList[0].icon) {","                icons = [];","","                data.root.device[0].iconList[0].icon.forEach(function (icon) {","                    icons.push({","                        mimetype: icon.mimetype[0],","                        height: icon.height[0],","                        width: icon.width[0],","                        depth: icon.depth[0],","                        url: icon.url[0]","                    });","                });","","                result.icons = icons;","            }","","            deferred.resolve(result);","        }","    });","","    return deferred.promise;","}","","function _isHueBridge(description) {","    var name;","","    if (description && description.model && description.model.name) {","        name = description.model.name;","        if (name.toLowerCase().indexOf(\"philips hue bridge\") >= 0) {","            return true;","        }","    }","    return false;","}","","function _getHueBridgeHost(description) {","    var uri;","","    if (_isHueBridge(description)) {","        uri = url.parse(description.url);","        return {","            \"id\": description.model.serial,","            \"ipaddress\": uri.hostname","        };","    }","    return null;","}"],"l":{"3":1,"19":1,"20":0,"30":1,"31":0,"32":0,"42":1,"43":0,"53":1,"54":0,"59":0,"60":0,"62":0,"65":0,"73":1,"74":0,"88":1,"89":0,"94":0,"95":0,"99":0,"100":0,"102":0,"119":0,"122":0,"124":0,"125":0,"134":0,"137":0,"141":0,"144":1,"145":0,"147":0,"148":0,"149":0,"150":0,"153":0,"156":1,"157":0,"159":0,"160":0,"161":0,"166":0}},"/home/travis/build/npmtest/node-npmtest-node-hue-api/node_modules/node-hue-api/hue-api/search.js":{"path":"/home/travis/build/npmtest/node-npmtest-node-hue-api/node_modules/node-hue-api/hue-api/search.js","s":{"1":1,"2":1,"3":1,"4":0,"5":0,"6":0,"7":0,"8":0,"9":0,"10":0,"11":0,"12":1,"13":1,"14":0,"15":0,"16":0,"17":0,"18":0,"19":0,"20":0,"21":0,"22":0,"23":0,"24":0,"25":1,"26":1,"27":0,"28":0,"29":0,"30":1,"31":0,"32":0,"33":0,"34":0,"35":1,"36":0,"37":0,"38":0,"39":0,"40":1,"41":0,"42":0,"43":0,"44":0,"45":0,"46":0,"47":0,"48":0,"49":0,"50":1,"51":0,"52":0,"53":0,"54":0,"55":0,"56":0,"57":1,"58":0,"59":0,"60":0,"61":0,"62":0,"63":0,"64":0,"65":0,"66":0,"67":0,"68":0,"69":0,"70":1,"71":0,"72":0,"73":0,"74":0,"75":0,"76":0,"77":0,"78":1,"79":1,"80":1,"81":1,"82":0,"83":1,"84":0,"85":0,"86":0,"87":1,"88":0,"89":0,"90":0,"91":1,"92":0,"93":0,"94":0,"95":0},"b":{"1":[0,0],"2":[0,0],"3":[0,0],"4":[0,0],"5":[0,0],"6":[0,0],"7":[0,0],"8":[0,0],"9":[0,0],"10":[0,0],"11":[0,0],"12":[0,0]},"f":{"1":0,"2":0,"3":0,"4":0,"5":0,"6":0,"7":0,"8":0,"9":0,"10":0,"11":0,"12":0,"13":0,"14":0,"15":0,"16":1,"17":0,"18":0,"19":0,"20":0,"21":0},"fnMap":{"1":{"name":"locateBridges","line":15,"loc":{"start":{"line":15,"column":0},"end":{"line":15,"column":32}}},"2":{"name":"(anonymous_2)","line":20,"loc":{"start":{"line":20,"column":26},"end":{"line":20,"column":42}}},"3":{"name":"(anonymous_3)","line":26,"loc":{"start":{"line":26,"column":15},"end":{"line":26,"column":26}}},"4":{"name":"SSDPSearch","line":35,"loc":{"start":{"line":35,"column":0},"end":{"line":35,"column":29}}},"5":{"name":"(anonymous_5)","line":40,"loc":{"start":{"line":40,"column":28},"end":{"line":40,"column":43}}},"6":{"name":"onMessage","line":45,"loc":{"start":{"line":45,"column":30},"end":{"line":45,"column":61}}},"7":{"name":"search","line":59,"loc":{"start":{"line":59,"column":30},"end":{"line":59,"column":48}}},"8":{"name":"_close","line":75,"loc":{"start":{"line":75,"column":0},"end":{"line":75,"column":24}}},"9":{"name":"_buildSearchPacket","line":83,"loc":{"start":{"line":83,"column":0},"end":{"line":83,"column":34}}},"10":{"name":"(anonymous_10)","line":85,"loc":{"start":{"line":85,"column":30},"end":{"line":85,"column":43}}},"11":{"name":"_parseSearchResponse","line":91,"loc":{"start":{"line":91,"column":0},"end":{"line":91,"column":37}}},"12":{"name":"_filterResults","line":112,"loc":{"start":{"line":112,"column":0},"end":{"line":112,"column":39}}},"13":{"name":"(anonymous_13)","line":115,"loc":{"start":{"line":115,"column":26},"end":{"line":115,"column":43}}},"14":{"name":"_combineResults","line":125,"loc":{"start":{"line":125,"column":0},"end":{"line":125,"column":47}}},"15":{"name":"_addUnique","line":149,"loc":{"start":{"line":149,"column":0},"end":{"line":149,"column":34}}},"16":{"name":"SocketCleanUp","line":171,"loc":{"start":{"line":171,"column":0},"end":{"line":171,"column":25}}},"17":{"name":"(anonymous_17)","line":176,"loc":{"start":{"line":176,"column":30},"end":{"line":176,"column":47}}},"18":{"name":"(anonymous_18)","line":180,"loc":{"start":{"line":180,"column":33},"end":{"line":180,"column":50}}},"19":{"name":"(anonymous_19)","line":191,"loc":{"start":{"line":191,"column":35},"end":{"line":191,"column":46}}},"20":{"name":"(anonymous_20)","line":196,"loc":{"start":{"line":196,"column":21},"end":{"line":196,"column":38}}},"21":{"name":"(anonymous_21)","line":201,"loc":{"start":{"line":201,"column":47},"end":{"line":201,"column":58}}}},"statementMap":{"1":{"start":{"line":3,"column":0},"end":{"line":6,"column":27}},"2":{"start":{"line":8,"column":0},"end":{"line":8,"column":40}},"3":{"start":{"line":15,"column":0},"end":{"line":32,"column":1}},"4":{"start":{"line":16,"column":4},"end":{"line":18,"column":21}},"5":{"start":{"line":20,"column":4},"end":{"line":22,"column":7}},"6":{"start":{"line":21,"column":8},"end":{"line":21,"column":28}},"7":{"start":{"line":23,"column":4},"end":{"line":23,"column":20}},"8":{"start":{"line":26,"column":4},"end":{"line":29,"column":24}},"9":{"start":{"line":27,"column":8},"end":{"line":27,"column":23}},"10":{"start":{"line":28,"column":8},"end":{"line":28,"column":50}},"11":{"start":{"line":31,"column":4},"end":{"line":31,"column":28}},"12":{"start":{"line":33,"column":0},"end":{"line":33,"column":45}},"13":{"start":{"line":35,"column":0},"end":{"line":56,"column":1}},"14":{"start":{"line":36,"column":4},"end":{"line":36,"column":20}},"15":{"start":{"line":38,"column":4},"end":{"line":38,"column":45}},"16":{"start":{"line":40,"column":4},"end":{"line":43,"column":7}},"17":{"start":{"line":41,"column":8},"end":{"line":41,"column":53}},"18":{"start":{"line":42,"column":8},"end":{"line":42,"column":27}},"19":{"start":{"line":45,"column":4},"end":{"line":52,"column":7}},"20":{"start":{"line":46,"column":8},"end":{"line":46,"column":54}},"21":{"start":{"line":49,"column":8},"end":{"line":51,"column":9}},"22":{"start":{"line":50,"column":12},"end":{"line":50,"column":77}},"23":{"start":{"line":54,"column":4},"end":{"line":54,"column":28}},"24":{"start":{"line":55,"column":4},"end":{"line":55,"column":41}},"25":{"start":{"line":57,"column":0},"end":{"line":57,"column":56}},"26":{"start":{"line":59,"column":0},"end":{"line":73,"column":2}},"27":{"start":{"line":60,"column":4},"end":{"line":61,"column":20}},"28":{"start":{"line":63,"column":4},"end":{"line":71,"column":7}},"29":{"start":{"line":72,"column":4},"end":{"line":72,"column":51}},"30":{"start":{"line":75,"column":0},"end":{"line":81,"column":1}},"31":{"start":{"line":76,"column":4},"end":{"line":79,"column":5}},"32":{"start":{"line":77,"column":8},"end":{"line":77,"column":29}},"33":{"start":{"line":78,"column":8},"end":{"line":78,"column":30}},"34":{"start":{"line":80,"column":4},"end":{"line":80,"column":33}},"35":{"start":{"line":83,"column":0},"end":{"line":89,"column":1}},"36":{"start":{"line":84,"column":4},"end":{"line":84,"column":43}},"37":{"start":{"line":85,"column":4},"end":{"line":87,"column":7}},"38":{"start":{"line":86,"column":8},"end":{"line":86,"column":46}},"39":{"start":{"line":88,"column":4},"end":{"line":88,"column":27}},"40":{"start":{"line":91,"column":0},"end":{"line":110,"column":1}},"41":{"start":{"line":92,"column":4},"end":{"line":98,"column":12}},"42":{"start":{"line":100,"column":4},"end":{"line":108,"column":5}},"43":{"start":{"line":101,"column":8},"end":{"line":101,"column":26}},"44":{"start":{"line":102,"column":8},"end":{"line":102,"column":43}},"45":{"start":{"line":103,"column":8},"end":{"line":107,"column":9}},"46":{"start":{"line":104,"column":12},"end":{"line":104,"column":66}},"47":{"start":{"line":105,"column":12},"end":{"line":105,"column":75}},"48":{"start":{"line":106,"column":12},"end":{"line":106,"column":32}},"49":{"start":{"line":109,"column":4},"end":{"line":109,"column":18}},"50":{"start":{"line":112,"column":0},"end":{"line":123,"column":1}},"51":{"start":{"line":113,"column":4},"end":{"line":113,"column":26}},"52":{"start":{"line":115,"column":4},"end":{"line":121,"column":7}},"53":{"start":{"line":116,"column":8},"end":{"line":120,"column":9}},"54":{"start":{"line":117,"column":12},"end":{"line":117,"column":51}},"55":{"start":{"line":119,"column":12},"end":{"line":119,"column":99}},"56":{"start":{"line":122,"column":4},"end":{"line":122,"column":24}},"57":{"start":{"line":125,"column":0},"end":{"line":147,"column":1}},"58":{"start":{"line":126,"column":4},"end":{"line":128,"column":14}},"59":{"start":{"line":130,"column":4},"end":{"line":132,"column":5}},"60":{"start":{"line":131,"column":8},"end":{"line":131,"column":37}},"61":{"start":{"line":134,"column":4},"end":{"line":145,"column":5}},"62":{"start":{"line":135,"column":8},"end":{"line":144,"column":9}},"63":{"start":{"line":136,"column":12},"end":{"line":143,"column":13}},"64":{"start":{"line":137,"column":16},"end":{"line":137,"column":56}},"65":{"start":{"line":139,"column":16},"end":{"line":139,"column":27}},"66":{"start":{"line":140,"column":16},"end":{"line":140,"column":40}},"67":{"start":{"line":141,"column":16},"end":{"line":141,"column":43}},"68":{"start":{"line":142,"column":16},"end":{"line":142,"column":36}},"69":{"start":{"line":146,"column":4},"end":{"line":146,"column":18}},"70":{"start":{"line":149,"column":0},"end":{"line":164,"column":1}},"71":{"start":{"line":150,"column":4},"end":{"line":152,"column":12}},"72":{"start":{"line":154,"column":4},"end":{"line":159,"column":5}},"73":{"start":{"line":155,"column":8},"end":{"line":155,"column":37}},"74":{"start":{"line":156,"column":8},"end":{"line":158,"column":9}},"75":{"start":{"line":157,"column":12},"end":{"line":157,"column":18}},"76":{"start":{"line":161,"column":4},"end":{"line":163,"column":5}},"77":{"start":{"line":162,"column":8},"end":{"line":162,"column":26}},"78":{"start":{"line":171,"column":0},"end":{"line":174,"column":1}},"79":{"start":{"line":172,"column":4},"end":{"line":172,"column":24}},"80":{"start":{"line":173,"column":4},"end":{"line":173,"column":29}},"81":{"start":{"line":176,"column":0},"end":{"line":178,"column":2}},"82":{"start":{"line":177,"column":4},"end":{"line":177,"column":32}},"83":{"start":{"line":180,"column":0},"end":{"line":189,"column":2}},"84":{"start":{"line":181,"column":4},"end":{"line":184,"column":9}},"85":{"start":{"line":186,"column":4},"end":{"line":188,"column":5}},"86":{"start":{"line":187,"column":8},"end":{"line":187,"column":31}},"87":{"start":{"line":191,"column":0},"end":{"line":199,"column":2}},"88":{"start":{"line":192,"column":4},"end":{"line":194,"column":9}},"89":{"start":{"line":196,"column":4},"end":{"line":198,"column":7}},"90":{"start":{"line":197,"column":8},"end":{"line":197,"column":23}},"91":{"start":{"line":201,"column":0},"end":{"line":208,"column":2}},"92":{"start":{"line":202,"column":4},"end":{"line":202,"column":20}},"93":{"start":{"line":204,"column":4},"end":{"line":207,"column":5}},"94":{"start":{"line":205,"column":8},"end":{"line":205,"column":53}},"95":{"start":{"line":206,"column":8},"end":{"line":206,"column":32}}},"branchMap":{"1":{"line":29,"type":"binary-expr","locations":[{"start":{"line":29,"column":7},"end":{"line":29,"column":14}},{"start":{"line":29,"column":18},"end":{"line":29,"column":22}}]},"2":{"line":49,"type":"if","locations":[{"start":{"line":49,"column":8},"end":{"line":49,"column":8}},{"start":{"line":49,"column":8},"end":{"line":49,"column":8}}]},"3":{"line":76,"type":"if","locations":[{"start":{"line":76,"column":4},"end":{"line":76,"column":4}},{"start":{"line":76,"column":4},"end":{"line":76,"column":4}}]},"4":{"line":103,"type":"if","locations":[{"start":{"line":103,"column":8},"end":{"line":103,"column":8}},{"start":{"line":103,"column":8},"end":{"line":103,"column":8}}]},"5":{"line":103,"type":"binary-expr","locations":[{"start":{"line":103,"column":12},"end":{"line":103,"column":30}},{"start":{"line":103,"column":34},"end":{"line":103,"column":62}}]},"6":{"line":116,"type":"if","locations":[{"start":{"line":116,"column":8},"end":{"line":116,"column":8}},{"start":{"line":116,"column":8},"end":{"line":116,"column":8}}]},"7":{"line":135,"type":"if","locations":[{"start":{"line":135,"column":8},"end":{"line":135,"column":8}},{"start":{"line":135,"column":8},"end":{"line":135,"column":8}}]},"8":{"line":136,"type":"if","locations":[{"start":{"line":136,"column":12},"end":{"line":136,"column":12}},{"start":{"line":136,"column":12},"end":{"line":136,"column":12}}]},"9":{"line":156,"type":"if","locations":[{"start":{"line":156,"column":8},"end":{"line":156,"column":8}},{"start":{"line":156,"column":8},"end":{"line":156,"column":8}}]},"10":{"line":161,"type":"if","locations":[{"start":{"line":161,"column":4},"end":{"line":161,"column":4}},{"start":{"line":161,"column":4},"end":{"line":161,"column":4}}]},"11":{"line":186,"type":"if","locations":[{"start":{"line":186,"column":4},"end":{"line":186,"column":4}},{"start":{"line":186,"column":4},"end":{"line":186,"column":4}}]},"12":{"line":204,"type":"if","locations":[{"start":{"line":204,"column":4},"end":{"line":204,"column":4}},{"start":{"line":204,"column":4},"end":{"line":204,"column":4}}]}},"code":["\"use strict\";","","var Q = require(\"q\"),","    dgram = require('dgram'),","    EventEmitter = require('events').EventEmitter,","    util = require(\"util\");","","var socketCleanUp = new SocketCleanUp();","","/**"," * Locates possible Philips Hue Bridges on the network."," * @param timeout The maximum time to wait for responses, or if none provided will default to 5 seconds"," * @return {Function|promise|promise|exports.promise}"," */","function locateBridges(timeout) {","    var deferred = Q.defer(),","        search = new SSDPSearch(timeout),","        results = [];","","    search.on(\"response\", function(value) {","        results.push(value);","    });","    search.search();","","    // Give up after the timeout and process whatever results we have","    setTimeout(function() {","        _close(search);","        deferred.resolve(_filterResults(results));","    }, timeout || 5000);","","    return deferred.promise;","}","module.exports.locateBridges = locateBridges;","","function SSDPSearch(timeout) {","    var self = this;","","    self.socket = dgram.createSocket('udp4');","","    self.socket.on('error', function (err) {","        console.log('############### Got an error!');","        console.trace(err);","    });","","    self.socket.on('message', function onMessage(msg, rinfo) {","        var msgStrings = msg.toString().split(\"\\r\\n\");","","        // HTTP/#.# ### Response","        if (msgStrings[0].match(/HTTP\\/(\\d{1})\\.(\\d{1}) (\\d+) (.*)/)) {","            self.emit('response', _parseSearchResponse(msgStrings.slice(1)));","        }","    });","","    socketCleanUp.add(self);","    socketCleanUp.registerExitListener();","}","SSDPSearch.prototype.__proto__ = EventEmitter.prototype;","","SSDPSearch.prototype.search = function search() {","    var ip = \"239.255.255.250\",","        port = 1900;","","    var pkt = new Buffer(_buildSearchPacket(","        {","            \"HOST\": ip + \":\" + port,","            \"MAN\": \"ssdp:discover\",","            \"MX\": 10,","//            \"ST\": \"SsdpSearch:all\"","            \"ST\": \"urn:schemas-upnp-org:device:Basic:1\"","        }","    ));","    this.socket.send(pkt, 0, pkt.length, port, ip);","};","","function _close(target) {","    if (!target.closed) {","        target.closed = true;","        target.socket.close();","    }","    socketCleanUp.remove(target);","}","","function _buildSearchPacket(vars) {","    var packet = \"M-SEARCH * HTTP/1.
[...]
a rough approximation of the reversal of RGB to xy transform. It is a gross approximation and does"," * get close, but is not exact."," * @param x"," * @param y"," * @param brightness"," * @returns {Array} RGB values"," * @private"," *"," * This function is a modification of the one found at https://github.com/bjohnso5/hue-hacking/blob/master/src/colors.js#L251"," */","function _getRGBFromXYState(x, y, brightness) {","    var Y = brightness","      , X = (Y / y) * x","      , Z = (Y / y) * (1 - x - y)","      , rgb =  [","          X * 1.612 - Y * 0.203 - Z * 0.302,","          -X * 0.509 + Y * 1.412 + Z * 0.066,","          X * 0.026 - Y * 0.072 + Z * 0.962","      ]","      ;","","    // Apply reverse gamma correction.","    rgb = rgb.map(function (x) {","        return (x <= 0.0031308) ? (12.92 * x) : ((1.0 + 0.055) * Math.pow(x, (1.0 / 2.4)) - 0.055);","    });","","    // Bring all negative components to zero.","    rgb = rgb.map(function (x) { return Math.max(0, x); });","","    // If one component is greater than 1, weight components by that value.","    var max = Math.max(rgb[0], rgb[1], rgb[2]);","    if (max > 1) {","        rgb = rgb.map(function (x) { return x / max; });","    }","","    rgb = rgb.map(function (x) { return Math.floor(x * 255); });","","    return rgb;","}","","/**"," * When a color is outside the limits, find the closest point on each line in the CIE 1931 'triangle'."," * @param point {XY} The point that is outside the limits"," * @param limits The limits of the bulb (red, green and blue XY points)."," * @returns {XY}"," */","function _resolveXYPointForLamp(point, limits) {","","    var pAB = _getClosestPoint(limits.red, limits.green, point)","        , pAC = _getClosestPoint(limits.blue, limits.red, point)","        , pBC = _getClosestPoint(limits.green, limits.blue, point)","        , dAB = _getDistanceBetweenPoints(point, pAB)","        , dAC = _getDistanceBetweenPoints(point, pAC)","        , dBC = _getDistanceBetweenPoints(point, pBC)","        , lowest = dAB","        , closestPoint = pAB","        ;","","    if (dAC < lowest) {","        lowest = dAC;","        closestPoint = pAC;","    }","","    if (dBC < lowest) {","        closestPoint = pBC;","    }","","    return closestPoint;","}","","function _gammaCorrection(value) {","    var result = value;","    if (value > 0.04045) {","        result = Math.pow((value + 0.055) / (1.0 + 0.055), 2.4);","    } else {","        result = value / 12.92;","    }","    return result;","}","","function _getLimits(modelid) {","    var limits = defaultLimits","        ;","","    if (modelid) {","        modelid = modelid.toLowerCase();","","        if (/^lct/.test(modelid)) {","            // This is a Hue bulb","            limits = hueLimits;","        } else if (/^llc/.test(modelid)) {","            // This is a Living Color lamp (Bloom, Iris, etc..)","            limits = livingColorsLimits;","        } else if (/^lwb/.test(modelid)) {","            // This is a lux bulb","            limits = defaultLimits;","        } else {","            limits = defaultLimits;","        }","    }","","    return limits;","}","","module.exports = {","    convertRGBtoXY: function(rgb, modelid) {","        var limits = _getLimits(modelid);","        return _getXYStateFromRGB(rgb[0], rgb[1], rgb[2], limits);","    },","    convertXYtoRGB: _getRGBFromXYState","};"],"l":{"3":1,"4":9,"5":9,"24":1,"25":0,"28":1,"29":0,"42":0,"53":1,"54":0,"61":0,"62":0,"63":0,"64":0,"67":0,"73":1,"74":0,"77":0,"80":1,"81":0,"92":0,"93":0,"95":0,"97":0,"98":0,"101":0,"115":1,"116":0,"127":0,"128":0,"132":0,"135":0,"136":0,"137":0,"140":0,"142":0,"151":1,"153":0,"163":0,"164":0,"165":0,"168":0,"169":0,"172":0,"175":1,"176":0,"177":0,"178":0,"180":0,"182":0,"185":1,"186":0,"189":0,"190":0,"192":0,"194":0,"195":0,"197":0,"198":0,"200":0,"202":0,"206":0,"209":1,"211":0,"212":0}},"/home/travis/build/npmtest/node-npmtest-node-hue-api/node_modules/node-hue-api/hue-api/scene.js":{"path":"/home/travis/build/npmtest/node-npmtest-node-hue-api/node_modules/node-hue-api/hue-api/scene.js","s":{"1":1,"2":1,"3":0,"4":0,"5":0,"6":0,"7":0,"8":0,"9":0,"10":0,"11":0,"12":0,"13":0,"14":0,"15":0,"16":0,"17":0,"18":0,"19":0,"20":0,"21":1,"22":0,"23":0,"24":1,"25":0,"26":0,"27":0,"28":0,"29":0,"30":0,"31":1,"32":0,"33":0,"34":1,"35":0,"36":0,"37":1,"38":0,"39":0,"40":1,"41":0,"42":0},"b":{"1":[0,0],"2":[0,0],"3":[0,0],"4":[0,0],"5":[0,0],"6":[0,0],"7":[0,0],"8":[0,0],"9":[0,0],"10":[0,0]},"f":{"1":0,"2":0,"3":0,"4":0,"5":0,"6":0,"7":0,"8":0},"fnMap":{"1":{"name":"(anonymous_1)","line":4,"loc":{"start":{"line":4,"column":12},"end":{"line":4,"column":24}}},"2":{"name":"(anonymous_2)","line":8,"loc":{"start":{"line":8,"column":24},"end":{"line":8,"column":36}}},"3":{"name":"(anonymous_3)","line":49,"loc":{"start":{"line":49,"column":27},"end":{"line":49,"column":42}}},"4":{"name":"(anonymous_4)","line":54,"loc":{"start":{"line":54,"column":29},"end":{"line":54,"column":48}}},"5":{"name":"(anonymous_5)","line":67,"loc":{"start":{"line":67,"column":37},"end":{"line":67,"column":60}}},"6":{"name":"(anonymous_6)","line":72,"loc":{"start":{"line":72,"column":30},"end":{"line":72,"column":45}}},"7":{"name":"(anonymous_7)","line":77,"loc":{"start":{"line":77,"column":30},"end":{"line":77,"column":48}}},"8":{"name":"(anonymous_8)","line":82,"loc":{"start":{"line":82,"column":30},"end":{"line":82,"column":48}}}},"statementMap":{"1":{"start":{"line":3,"column":0},"end":{"line":6,"column":3}},"2":{"start":{"line":8,"column":0},"end":{"line":46,"column":2}},"3":{"start":{"line":9,"column":2},"end":{"line":11,"column":5}},"4":{"start":{"line":13,"column":2},"end":{"line":44,"column":3}},"5":{"start":{"line":14,"column":4},"end":{"line":14,"column":24}},"6":{"start":{"line":16,"column":4},"end":{"line":16,"column":23}},"7":{"start":{"line":18,"column":4},"end":{"line":43,"column":5}},"8":{"start":{"line":19,"column":6},"end":{"line":19,"column":18}},"9":{"start":{"line":21,"column":6},"end":{"line":21,"column":26}},"10":{"start":{"line":24,"column":6},"end":{"line":26,"column":7}},"11":{"start":{"line":25,"column":8},"end":{"line":25,"column":33}},"12":{"start":{"line":28,"column":6},"end":{"line":30,"column":7}},"13":{"start":{"line":29,"column":8},"end":{"line":29,"column":37}},"14":{"start":{"line":32,"column":6},"end":{"line":34,"column":7}},"15":{"start":{"line":33,"column":8},"end":{"line":33,"column":53}},"16":{"start":{"line":36,"column":6},"end":{"line":38,"column":7}},"17":{"start":{"line":37,"column":8},"end":{"line":37,"column":51}},"18":{"start":{"line":40,"column":6},"end":{"line":42,"column":7}},"19":{"start":{"line":41,"column":8},"end":{"line":41,"column":39}},"20":{"start":{"line":45,"column":2},"end":{"line":45,"column":15}},"21":{"start":{"line":49,"column":0},"end":{"line":52,"column":2}},"22":{"start":{"line":50,"column":2},"end":{"line":50,"column":62}},"23":{"start":{"line":51,"column":2},"end":{"line":51,"column":14}},"24":{"start":{"line":54,"column":0},"end":{"line":65,"column":2}},"25":{"start":{"line":55,"column":2},"end":{"line":55,"column":10}},"26":{"start":{"line":57,"column":2},"end":{"line":61,"column":3}},"27":{"start":{"line":58,"column":4},"end":{"line":58,"column":19}},"28":{"start":{"line":60,"column":4},"end":{"line":60,"column":48}},"29":{"start":{"line":63,"column":2},"end":{"line":63,"column":67}},"30":{"start":{"line":64,"column":2},"end":{"line":64,"column":14}},"31":{"start":{"line":67,"column":0},"end":{"line":70,"column":2}},"32":{"start":{"line":68,"column":2},"end":{"line":68,"column":54}},"33":{"start":{"line":69,"column":2},"end":{"line":69,"column":14}},"34":{"start":{"line":72,"column":0},"end":{"line":75,"column":2}},"35":{"start":{"line":73,"column":2},"end":{"line":73,"column":59}},"36":{"start":{"line":74,"column":2},"end":{"line":74,"column":14}},"37":{"start":{"line":77,"column":0},"end":{"line":80,"column":2}},"38":{"start":{"line":78,"column":2},"end":{"line":78,"column":42}},"39":{"start":{"line":79,"column":2},"end":{"line":79,"column":14}},"40":{"start":{"line":82,"column":0},"end":{"line":85,"column":2}},"41":{"start":{"line":83,"column":2},"end":{"line":83,"column":44}},"42":{"start":{"line":84,"column":2},"end":{"line":84,"column":14}}},"branchMap":{"1":{"line":13,"type":"if","locations":[{"start":{"line":13,"column":2},"end":{"line":13,"column":2}},{"start":{"line":13,"column":2},"end":{"line":13,"column":2}}]},"2":{"line":18,"type":"if","locations":[{"start":{"line":18,"column":4},"end":{"line":18,"column":4}},{"start":{"line":18,"column":4},"end":{"line":18,"column":4}}]},"3":{"line":24,"type":"if","locations":[{"start":{"line":24,"column":6},"end":{"line":24,"column":6}},{"start":{"line":24,"column":6},"end":{"line":24,"column":6}}]},"4":{"line":28,"type":"if","locations":[{"start":{"line":28,"column":6},"end":{"line":28,"column":6}},{"start":{"line":28,"column":6},"end":{"line":28,"column":6}}]},"5":{"line":32,"type":"if","locations":[{"start":{"line":32,"column":6},"end":{"line":32,"column":6}},{"start":{"line":32,"column":6},"end":{"line":32,"column":6}}]},"6":{"line":36,"type":"if","locations":[{"start":{"line":36,"column":6},"end":{"line":36,"column":6}},{"start":{"line":36,"column":6},"end":{"line":36,"column":6}}]},"7":{"line":36,"type":"binary-expr","locations":[{"start":{"line":36,"column":10},"end":{"line":36,"column":18}},{"start":{"line":36,"column":22},"end":{"line":36,"column":33}}]},"8":{"line":37,"type":"binary-expr","locations":[{"start":{"line":37,"column":26},"end":{"line":37,"column":34}},{"start":{"line":37,"column":38},"end":{"line":37,"column":49}}]},"9":{"line":40,"type":"if","locations":[{"start":{"line":40,"column":6},"end":{"line":40,"column":6}},{"start":{"line":40,"column":6},"end":{"line":40,"column":6}}]},"10":{"line":57,"type":"if","locations":[{"start":{"line":57,"column":2},"end":{"line":57,"column":2}},{"start":{"line":57,"column":2},"end":{"line":57,"column":2}}]}},"code":["\"use strict\";","","var utils = require(\"./utils\")","  , Scene = function () {","  }","  ;","","module.exports.create = function () {","  var scene","    , arg","    ;","","  if (arguments.length == 0) {","    scene = new Scene();","  } else {","    arg = arguments[0];","","    if (arg instanceof Scene) {","      scene = arg;","    } else {","      scene = new Scene();","","      // try to populate the new scene using any values that match scene properties","      if (arg.name) {","        scene.withName(arg.name);","      }","","      if (arg.lights) {","        scene.withLights(arg.lights);","      }","","      if (arg.transitionTime) {","        scene.withTransitionTime(arg.transitionTime);","      }","","      if (arg.data || arg.appData) {","        scene.withAppData(arg.data || arg.appData);","      }","","      if (arg.picture) {","        scene.withPicture(arg.picture);","      }","    }","  }","  return scene;","};","","","Scene.prototype.withName = function(name) {","  utils.combine(this, {name: utils.getStringValue(name, 32)});","  return this;","};","","Scene.prototype.withLights = function(lightIds) {","  var ids;","","  if (Array.isArray(lightIds)) {","    ids = lightIds;","  } else {","    ids = Array.prototype.slice.call(arguments);","  }","","  utils.combine(this, {lights: utils.createStringValueArray(ids)});","  return this;","};","","Scene.prototype.withTransitionTime = function(milliseconds) {","  utils.combine(this, {transitiontime: milliseconds});","  return this;","};","","Scene.prototype.withAppData = function(data) {","  utils.combine(this, {appdata: {data: data, version: 1}});","  return this;","};","","Scene.prototype.withPicture = function(picture) {","  utils.combine(this, {picture: picture});","  return this;","};","","Scene.prototype.withRecycle = function(recycle) {","  utils.combine(this, {\"recycle\": recycle});","  return this;","};"],"l":{"3":1,"8":1,"9":0,"13":0,"14":0,"16":0,"18":0,"19":0,"21":0,"24":0,"25":0,"28":0,"29":0,"32":0,"33":0,"36":0,"37":0,"40":0,"41":0,"45":0,"49":1,"50":0,"51":0,"54":1,"55":0,"57":0,"58":0,"60":0,"63":0,"64":0,"67":1,"68":0,"69":0,"72":1,"73":0,"74":0,"77":1,"78":0,"79":0,"82":1,"83":0,"84":0}},"/home/travis/build/npmtest/node-npmtest-node-hue-api/node_modules/node-hue-api/hue-api/timer.js":{"path":"/home/travis/build/npmtest/node-npmtest-node-hue-api/node_modules/node-hue-api/hue-api/timer.js","s":{"1":1,"2":1,"3":1,"4":1,"5":0,"6":1,"7":0,"8":1,"9":0,"10":0,"11":0,"12":0,"13":1,"14":0,"15":0,"16":1,"17":0,"18":0,"19":1,"20":0,"21":1,"22":0,"23":0,"24":1,"25":0,"26":0,"27":1,"28":0,"29":0,"30":1,"31":0,"32":0,"33":0,"34":0,"35":1,"36":4,"37":0,"38":0,"39":0,"40":0,"41":0},"b":{"1":[0,0],"2":[0,0],"3":[0,0],"4":[0,0],"5":[0,0]},"f":{"1":0,"2":0,"3":0,"4":0,"5":0,"6":0,"7":0,"8":0,"9":0,"10":0,"11":0,"12":4,"13":0},"fnMap":{"1":{"name":"(anonymous_1)","line":12,"loc":{"start":{"line":12,"column":12},"end":{"line":12,"column":23}}},"2":{"name":"(anonymous_2)","line":15,"loc":{"start":{"line":15,"column":24},"end":{"line":15,"column":35}}},"3":{"name":"(anonymous_3)","line":19,"loc":{"start":{"line":19,"column":23},"end":{"line":19,"column":44}}},"4":{"name":"(anonymous_4)","line":23,"loc":{"start":{"line":23,"column":23},"end":{"line":23,"column":36}}},"5":{"name":"(anonymous_5)","line":32,"loc":{"start":{"line":32,"column":25},"end":{"line":32,"column":38}}},"6":{"name":"(anonymous_6)","line":37,"loc":{"start":{"line":37,"column":25},"end":{"line":37,"column":38}}},"7":{"name":"(anonymous_7)","line":42,"loc":{"start":{"line":42,"column":28},"end":{"line":42,"column":49}}},"8":{"name":"(anonymous_8)","line":46,"loc":{"start":{"line":46,"column":32},"end":{"line":46,"column":45}}},"9":{"name":"(anonymous_9)","line":51,"loc":{"start":{"line":51,"column":34},"end":{"line":51,"column":47}}},"10":{"name":"(anonymous_10)","line":56,"loc":{"start":{"line":56,"column":34},"end":{"line":56,"column":47}}},"11":{"name":"(anonymous_11)","line":61,"loc":{"start":{"line":61,"column":28},"end":{"line":61,"column":44}}},"12":{"name":"limitValue","line":72,"loc":{"start":{"line":72,"column":0},"end":{"line":72,"column":30}}},"13":{"name":"(anonymous_13)","line":73,"loc":{"start":{"line":73,"column":9},"end":{"line":73,"column":23}}}},"statementMap":{"1":{"start":{"line":3,"column":0},"end":{"line":4,"column":3}},"2":{"start":{"line":6,"column":0},"end":{"line":10,"column":3}},"3":{"start":{"line":12,"column":0},"end":{"line":13,"column":2}},"4":{"start":{"line":15,"column":0},"end":{"line":17,"column":2}},"5":{"start":{"line":16,"column":2},"end":{"line":16,"column":21}},"6":{"start":{"line":19,"column":0},"end":{"line":21,"column":2}},"7":{"start":{"line":20,"column":2},"end":{"line":20,"column":45}},"8":{"start":{"line":23,"column":0},"end":{"line":30,"column":2}},"9":{"start":{"line":24,"column":2},"end":{"line":26,"column":3}},"10":{"start":{"line":25,"column":4},"end":{"line":25,"column":11}},"11":{"start":{"line":28,"column":2},"end":{"line":28,"column":44}},"12":{"start":{"line":29,"column":2},"end":{"line":29,"column":14}},"13":{"start":{"line":32,"column":0},"end":{"line":35,"column":2}},"14":{"start":{"line":33,"column":2},"end":{"line":33,"column":46}},"15":{"start":{"line":34,"column":2},"end":{"line":34,"column":14}},"16":{"start":{"line":37,"column":0},"end":{"line":40,"column":2}},"17":{"start":{"line":38,"column":2},"end":{"line":38,"column":46}},"18":{"start":{"line":39,"column":2},"end":{"line":39,"column":14}},"19":{"start":{"line":42,"column":0},"end":{"line":44,"column":2}},"20":{"start":{"line":43,"column":2},"end":{"line":43,"column":72}},"21":{"start":{"line":46,"column":0},"end":{"line":49,"column":2}},"22":{"start":{"line":47,"column":2},"end":{"line":47,"column":54}},"23":{"start":{"line":48,"column":2},"end":{"line":48,"column":14}},"24":{"start":{"line":51,"column":0},"end":{"line":54,"column":2}},"25":{"start":{"line":52,"column":2},"end":{"line":52,"column":56}},"26":{"start":{"line":53,"column":2},"end":{"line":53,"column":14}},"27":{"start":{"line":56,"column":0},"end":{"line":59,"column":2}},"28":{"start":{"line":57,"column":2},"end":{"line":57,"column":56}},"29":{"start":{"line":58,"column":2},"end":{"line":58,"column":14}},"30":{"start":{"line":61,"column":0},"end":{"line":68,"column":2}},"31":{"start":{"line":62,"column":2},"end":{"line":66,"column":3}},"32":{"start":{"line":63,"column":4},"end":{"line":63,"column":45}},"33":{"start":{"line":65,"column":4},"end":{"line":65,"column":57}},"34":{"start":{"line":67,"column":2},"end":{"line":67,"column":14}},"35":{"start":{"line":72,"column":0},"end":{"line":84,"column":1}},"36":{"start":{"line":73,"column":2},"end":{"line":83,"column":3}},"37":{"start":{"line":74,"column":4},"end":{"line":76,"column":5}},"38":{"start":{"line":75,"column":6},"end":{"line":75,"column":17}},"39":{"start":{"line":78,"column":4},"end":{"line":80,"column":5}},"40":{"start":{"line":79,"column":6},"end":{"line":79,"column":17}},"41":{"start":{"line":82,"column":4},"end":{"line":82,"column":15}}},"branchMap":{"1":{"line":24,"type":"if","locations":[{"start":{"line":24,"column":2},"end":{"line":24,"column":2}},{"start":{"line":24,"column":2},"end":{"line":24,"column":2}}]},"2":{"line":62,"type":"if","locations":[{"start":{"line":62,"column":2},"end":{"line":62,"column":2}},{"start":{"line":62,"column":2},"end":{"line":62,"column":2}}]},"3":{"line":62,"type":"binary-expr","locations":[{"start":{"line":62,"column":6},"end":{"line":62,"column":20}},{"start":{"line":62,"column":24},"end":{"line":62,"column":43}}]},"4":{"line":74,"type":"if","locations":[{"start":{"line":74,"column":4},"end":{"line":74,"column":4}},{"start":{"line":74,"column":4},"end":{"line":74,"column":4}}]},"5":{"line":78,"type":"if","locations":[{"start":{"line":78,"column":4},"end":{"line":78,"column":4}},{"start":{"line":78,"column":4},"end":{"line":78,"column":4}}]}},"code":["\"use strict\";","","var deepExtend = require(\"deep-extend\")","  ;","","var minuteValidator = limitValue(0, 59)","  , hourValidator = limitValue(0, 23)","  , secondValidator = limitValue(0, 59)","  , countValidator = limitValue(0, 99)","  ;","","var Timer = function() {","};","","module.exports.create = function() {","  return new Timer();","};","","Timer.prototype.time = function(hh, mm, ss) {","  return this.hour(hh).minute(mm).second(ss);","};","","Timer.prototype.hour = function(hh) {","  if (hh >= 24) {","    hh = 0;","  }","","  deepExtend(this, {hh: hourValidator(hh)});","  return this;","};","","Timer.prototype.minute = function(mm) {","  deepExtend(this, {mm: minuteValidator(mm)});","  return this;","};","","Timer.prototype.second = function(ss) {","  deepExtend(this, {ss: secondValidator(ss)});","  return this;","};","","Timer.prototype.randomize = function(hh, mm, ss) {","  return this.randomizeHour(hh).randomizeMinute(mm).randomizeSecond(ss);","};","","Timer.prototype.randomizeHour = function(hh) {","  deepExtend(this, {random: {hh: hourValidator(hh)}});","  return this;","};","","Timer.prototype.randomizeMinute = function(mm) {","  deepExtend(this, {random: {mm: minuteValidator(mm)}});","  return this;","};","","Timer.prototype.randomizeSecond = function(ss) {","  deepExtend(this, {random: {ss: secondValidator(ss)}});","  return this;","};","","Timer.prototype.recurring = function(count) {","  if (count === null || count === undefined) {","    deepExtend(this, {recurring: \"forever\"});","  } else {","    deepExtend(this, {recurring: countValidator(count)});","  }","  return this;","};","","","","function limitValue(min, max) {","  return function(val) {","    if (val < min) {","      return min;","    }","","    if (val > max) {","      return max;","    }","","    return val;","  }","}"],"l":{"3":1,"6":1,"12":1,"15":1,"16":0,"19":1,"20":0,"23":1,"24":0,"25":0,"28":0,"29":0,"32":1,"33":0,"34":0,"37":1,"38":0,"39":0,"42":1,"43":0,"46":1,"47":0,"48":0,"51":1,"52":0,"53":0,"56":1,"57":0,"58":0,"61":1,"62":0,"63":0,"65":0,"67":0,"72":1,"73":4,"74":0,"75":0,"78":0,"79":0,"82":0}}}